TN:
SF:app/page.tsx
FN:3,Home
FNF:1
FNH:0
FNDA:0,Home
DA:1,0
DA:3,0
DA:4,0
LF:3
LH:0
BRF:0
BRH:0
end_of_record
TN:
SF:app/academic/page.tsx
FN:70,Academic
FN:77,(anonymous_6)
FN:78,(anonymous_7)
FN:114,(anonymous_8)
FN:118,(anonymous_9)
FN:130,(anonymous_10)
FN:153,(anonymous_11)
FN:167,(anonymous_12)
FN:168,(anonymous_13)
FN:169,(anonymous_14)
FN:170,(anonymous_15)
FN:171,(anonymous_16)
FN:181,(anonymous_17)
FN:197,(anonymous_18)
FN:205,(anonymous_19)
FN:325,(anonymous_20)
FN:368,(anonymous_21)
FN:380,(anonymous_22)
FN:418,(anonymous_23)
FNF:19
FNH:0
FNDA:0,Academic
FNDA:0,(anonymous_6)
FNDA:0,(anonymous_7)
FNDA:0,(anonymous_8)
FNDA:0,(anonymous_9)
FNDA:0,(anonymous_10)
FNDA:0,(anonymous_11)
FNDA:0,(anonymous_12)
FNDA:0,(anonymous_13)
FNDA:0,(anonymous_14)
FNDA:0,(anonymous_15)
FNDA:0,(anonymous_16)
FNDA:0,(anonymous_17)
FNDA:0,(anonymous_18)
FNDA:0,(anonymous_19)
FNDA:0,(anonymous_20)
FNDA:0,(anonymous_21)
FNDA:0,(anonymous_22)
FNDA:0,(anonymous_23)
DA:3,0
DA:11,0
DA:17,0
DA:18,0
DA:19,0
DA:20,0
DA:32,0
DA:68,0
DA:70,0
DA:71,0
DA:72,0
DA:73,0
DA:74,0
DA:75,0
DA:77,0
DA:78,0
DA:79,0
DA:80,0
DA:81,0
DA:82,0
DA:83,0
DA:85,0
DA:86,0
DA:87,0
DA:88,0
DA:90,0
DA:92,0
DA:98,0
DA:99,0
DA:100,0
DA:112,0
DA:113,0
DA:114,0
DA:118,0
DA:125,0
DA:128,0
DA:129,0
DA:130,0
DA:138,0
DA:141,0
DA:147,0
DA:150,0
DA:153,0
DA:154,0
DA:155,0
DA:156,0
DA:157,0
DA:159,0
DA:160,0
DA:161,0
DA:162,0
DA:164,0
DA:166,0
DA:167,0
DA:168,0
DA:169,0
DA:170,0
DA:171,0
DA:174,0
DA:175,0
DA:176,0
DA:177,0
DA:178,0
DA:179,0
DA:181,0
DA:182,0
DA:192,0
DA:194,0
DA:197,0
DA:198,0
DA:199,0
DA:200,0
DA:201,0
DA:202,0
DA:205,0
DA:206,0
DA:216,0
DA:326,0
DA:369,0
DA:381,0
DA:419,0
LF:81
LH:0
BRDA:80,0,0,0
BRDA:80,0,1,0
BRDA:81,1,0,0
BRDA:81,1,1,0
BRDA:87,2,0,0
BRDA:87,2,1,0
BRDA:87,3,0,0
BRDA:87,3,1,0
BRDA:87,3,2,0
BRDA:98,4,0,0
BRDA:98,4,1,0
BRDA:101,5,0,0
BRDA:101,5,1,0
BRDA:102,6,0,0
BRDA:102,6,1,0
BRDA:103,7,0,0
BRDA:103,7,1,0
BRDA:104,8,0,0
BRDA:104,8,1,0
BRDA:105,9,0,0
BRDA:105,9,1,0
BRDA:106,10,0,0
BRDA:106,10,1,0
BRDA:107,11,0,0
BRDA:107,11,1,0
BRDA:108,12,0,0
BRDA:108,12,1,0
BRDA:112,13,0,0
BRDA:112,13,1,0
BRDA:114,14,0,0
BRDA:114,14,1,0
BRDA:118,15,0,0
BRDA:118,15,1,0
BRDA:128,16,0,0
BRDA:128,16,1,0
BRDA:130,17,0,0
BRDA:130,17,1,0
BRDA:132,18,0,0
BRDA:132,18,1,0
BRDA:133,19,0,0
BRDA:133,19,1,0
BRDA:134,20,0,0
BRDA:134,20,1,0
BRDA:135,21,0,0
BRDA:135,21,1,0
BRDA:136,22,0,0
BRDA:136,22,1,0
BRDA:144,23,0,0
BRDA:144,23,1,0
BRDA:156,24,0,0
BRDA:156,24,1,0
BRDA:157,25,0,0
BRDA:157,25,1,0
BRDA:161,26,0,0
BRDA:161,26,1,0
BRDA:161,27,0,0
BRDA:161,27,1,0
BRDA:161,27,2,0
BRDA:174,28,0,0
BRDA:174,28,1,0
BRDA:174,29,0,0
BRDA:174,29,1,0
BRDA:176,30,0,0
BRDA:176,30,1,0
BRDA:176,31,0,0
BRDA:176,31,1,0
BRDA:177,32,0,0
BRDA:177,32,1,0
BRDA:177,33,0,0
BRDA:177,33,1,0
BRDA:178,34,0,0
BRDA:178,34,1,0
BRDA:178,35,0,0
BRDA:178,35,1,0
BRDA:179,36,0,0
BRDA:179,36,1,0
BRDA:179,37,0,0
BRDA:179,37,1,0
BRDA:194,38,0,0
BRDA:194,38,1,0
BRDA:198,39,0,0
BRDA:198,39,1,0
BRDA:199,40,0,0
BRDA:199,40,1,0
BRDA:200,41,0,0
BRDA:200,41,1,0
BRDA:201,42,0,0
BRDA:201,42,1,0
BRDA:216,43,0,0
BRDA:216,43,1,0
BRDA:247,44,0,0
BRDA:247,44,1,0
BRDA:250,45,0,0
BRDA:250,45,1,0
BRDA:264,46,0,0
BRDA:264,46,1,0
BRDA:267,47,0,0
BRDA:267,47,1,0
BRDA:281,48,0,0
BRDA:281,48,1,0
BRDA:284,49,0,0
BRDA:284,49,1,0
BRDA:288,50,0,0
BRDA:288,50,1,0
BRDA:301,51,0,0
BRDA:301,51,1,0
BRDA:302,52,0,0
BRDA:302,52,1,0
BRDA:318,53,0,0
BRDA:318,53,1,0
BRDA:432,54,0,0
BRDA:435,55,0,0
BRDA:445,56,0,0
BRF:113
BRH:0
end_of_record
TN:
SF:app/admin/page.tsx
FN:3,AdminPage
FNF:1
FNH:0
FNDA:0,AdminPage
DA:1,0
DA:3,0
DA:4,0
LF:3
LH:0
BRF:0
BRH:0
end_of_record
TN:
SF:app/advising/page.tsx
FN:84,AdvisingPage
FN:128,(anonymous_3)
FN:130,(anonymous_4)
FN:134,(anonymous_5)
FN:135,(anonymous_6)
FN:147,(anonymous_7)
FN:148,(anonymous_8)
FN:149,(anonymous_9)
FN:150,(anonymous_10)
FN:151,(anonymous_11)
FN:167,(anonymous_12)
FN:177,(anonymous_13)
FN:180,(anonymous_14)
FN:191,(anonymous_15)
FN:200,(anonymous_16)
FN:223,(anonymous_17)
FN:238,(anonymous_18)
FN:260,humanize
FN:262,(anonymous_20)
FN:265,getStatusColor
FN:273,getProgressColor
FN:280,openSchedule
FN:290,submitSchedule
FN:328,(anonymous_25)
FN:328,(anonymous_26)
FN:336,emailAdvisor
FN:342,openMessage
FN:351,submitMessage
FN:371,(anonymous_30)
FN:373,(anonymous_31)
FN:391,lastReadKey
FN:392,getLastRead
FN:398,setLastReadNow
FN:401,addUnreadCount
FN:403,(anonymous_36)
FN:407,refreshMessages
FN:419,(anonymous_38)
FN:434,(anonymous_39)
FN:445,refreshConversation
FN:447,(anonymous_41)
FN:457,(anonymous_42)
FN:457,(anonymous_43)
FN:465,(anonymous_44)
FN:465,(anonymous_45)
FN:470,(anonymous_46)
FN:474,markConversationRead
FN:476,(anonymous_48)
FN:476,(anonymous_49)
FN:485,(anonymous_50)
FN:587,(anonymous_51)
FN:621,(anonymous_52)
FN:621,(anonymous_53)
FN:643,(anonymous_54)
FN:682,(anonymous_55)
FN:697,(anonymous_56)
FN:701,(anonymous_57)
FN:773,(anonymous_58)
FN:826,(anonymous_59)
FN:875,(anonymous_60)
FN:882,(anonymous_61)
FN:893,(anonymous_62)
FN:897,(anonymous_63)
FN:900,(anonymous_64)
FN:906,(anonymous_65)
FN:918,(anonymous_66)
FN:941,(anonymous_67)
FN:947,(anonymous_68)
FN:955,(anonymous_69)
FN:970,(anonymous_70)
FN:974,(anonymous_71)
FN:977,(anonymous_72)
FN:994,(anonymous_73)
FN:1000,(anonymous_74)
FN:1008,(anonymous_75)
FN:1017,(anonymous_76)
FNF:75
FNH:0
FNDA:0,AdvisingPage
FNDA:0,(anonymous_3)
FNDA:0,(anonymous_4)
FNDA:0,(anonymous_5)
FNDA:0,(anonymous_6)
FNDA:0,(anonymous_7)
FNDA:0,(anonymous_8)
FNDA:0,(anonymous_9)
FNDA:0,(anonymous_10)
FNDA:0,(anonymous_11)
FNDA:0,(anonymous_12)
FNDA:0,(anonymous_13)
FNDA:0,(anonymous_14)
FNDA:0,(anonymous_15)
FNDA:0,(anonymous_16)
FNDA:0,(anonymous_17)
FNDA:0,(anonymous_18)
FNDA:0,humanize
FNDA:0,(anonymous_20)
FNDA:0,getStatusColor
FNDA:0,getProgressColor
FNDA:0,openSchedule
FNDA:0,submitSchedule
FNDA:0,(anonymous_25)
FNDA:0,(anonymous_26)
FNDA:0,emailAdvisor
FNDA:0,openMessage
FNDA:0,submitMessage
FNDA:0,(anonymous_30)
FNDA:0,(anonymous_31)
FNDA:0,lastReadKey
FNDA:0,getLastRead
FNDA:0,setLastReadNow
FNDA:0,addUnreadCount
FNDA:0,(anonymous_36)
FNDA:0,refreshMessages
FNDA:0,(anonymous_38)
FNDA:0,(anonymous_39)
FNDA:0,refreshConversation
FNDA:0,(anonymous_41)
FNDA:0,(anonymous_42)
FNDA:0,(anonymous_43)
FNDA:0,(anonymous_44)
FNDA:0,(anonymous_45)
FNDA:0,(anonymous_46)
FNDA:0,markConversationRead
FNDA:0,(anonymous_48)
FNDA:0,(anonymous_49)
FNDA:0,(anonymous_50)
FNDA:0,(anonymous_51)
FNDA:0,(anonymous_52)
FNDA:0,(anonymous_53)
FNDA:0,(anonymous_54)
FNDA:0,(anonymous_55)
FNDA:0,(anonymous_56)
FNDA:0,(anonymous_57)
FNDA:0,(anonymous_58)
FNDA:0,(anonymous_59)
FNDA:0,(anonymous_60)
FNDA:0,(anonymous_61)
FNDA:0,(anonymous_62)
FNDA:0,(anonymous_63)
FNDA:0,(anonymous_64)
FNDA:0,(anonymous_65)
FNDA:0,(anonymous_66)
FNDA:0,(anonymous_67)
FNDA:0,(anonymous_68)
FNDA:0,(anonymous_69)
FNDA:0,(anonymous_70)
FNDA:0,(anonymous_71)
FNDA:0,(anonymous_72)
FNDA:0,(anonymous_73)
FNDA:0,(anonymous_74)
FNDA:0,(anonymous_75)
FNDA:0,(anonymous_76)
DA:3,0
DA:10,0
DA:16,0
DA:17,0
DA:18,0
DA:19,0
DA:20,0
DA:21,0
DA:22,0
DA:36,0
DA:37,0
DA:84,0
DA:85,0
DA:86,0
DA:96,0
DA:97,0
DA:104,0
DA:105,0
DA:106,0
DA:107,0
DA:108,0
DA:109,0
DA:110,0
DA:113,0
DA:114,0
DA:115,0
DA:116,0
DA:117,0
DA:118,0
DA:121,0
DA:122,0
DA:123,0
DA:124,0
DA:125,0
DA:128,0
DA:129,0
DA:130,0
DA:131,0
DA:134,0
DA:135,0
DA:136,0
DA:137,0
DA:138,0
DA:139,0
DA:140,0
DA:141,0
DA:142,0
DA:144,0
DA:146,0
DA:147,0
DA:148,0
DA:149,0
DA:150,0
DA:151,0
DA:154,0
DA:155,0
DA:156,0
DA:165,0
DA:166,0
DA:167,0
DA:171,0
DA:172,0
DA:173,0
DA:177,0
DA:178,0
DA:179,0
DA:180,0
DA:187,0
DA:191,0
DA:192,0
DA:193,0
DA:194,0
DA:198,0
DA:199,0
DA:200,0
DA:201,0
DA:202,0
DA:203,0
DA:204,0
DA:205,0
DA:206,0
DA:217,0
DA:221,0
DA:222,0
DA:223,0
DA:231,0
DA:232,0
DA:233,0
DA:234,0
DA:235,0
DA:237,0
DA:238,0
DA:240,0
DA:241,0
DA:244,0
DA:246,0
DA:249,0
DA:252,0
DA:261,0
DA:262,0
DA:266,0
DA:267,0
DA:268,0
DA:269,0
DA:270,0
DA:274,0
DA:275,0
DA:276,0
DA:277,0
DA:281,0
DA:282,0
DA:283,0
DA:284,0
DA:285,0
DA:286,0
DA:287,0
DA:291,0
DA:292,0
DA:293,0
DA:294,0
DA:295,0
DA:296,0
DA:297,0
DA:298,0
DA:299,0
DA:300,0
DA:301,0
DA:303,0
DA:315,0
DA:316,0
DA:317,0
DA:318,0
DA:328,0
DA:329,0
DA:330,0
DA:332,0
DA:337,0
DA:338,0
DA:339,0
DA:343,0
DA:344,0
DA:345,0
DA:346,0
DA:347,0
DA:348,0
DA:352,0
DA:353,0
DA:354,0
DA:355,0
DA:356,0
DA:357,0
DA:358,0
DA:359,0
DA:360,0
DA:361,0
DA:362,0
DA:364,0
DA:369,0
DA:370,0
DA:371,0
DA:372,0
DA:373,0
DA:374,0
DA:375,0
DA:376,0
DA:378,0
DA:380,0
DA:382,0
DA:383,0
DA:385,0
DA:387,0
DA:391,0
DA:393,0
DA:394,0
DA:395,0
DA:396,0
DA:399,0
DA:402,0
DA:403,0
DA:404,0
DA:408,0
DA:409,0
DA:410,0
DA:411,0
DA:412,0
DA:413,0
DA:414,0
DA:415,0
DA:416,0
DA:417,0
DA:418,0
DA:419,0
DA:427,0
DA:428,0
DA:429,0
DA:430,0
DA:431,0
DA:433,0
DA:434,0
DA:436,0
DA:437,0
DA:439,0
DA:441,0
DA:446,0
DA:447,0
DA:448,0
DA:449,0
DA:450,0
DA:451,0
DA:452,0
DA:453,0
DA:454,0
DA:455,0
DA:456,0
DA:457,0
DA:465,0
DA:466,0
DA:468,0
DA:470,0
DA:475,0
DA:476,0
DA:485,0
DA:588,0
DA:621,0
DA:644,0
DA:683,0
DA:697,0
DA:701,0
DA:774,0
DA:827,0
DA:875,0
DA:883,0
DA:893,0
DA:897,0
DA:900,0
DA:907,0
DA:918,0
DA:941,0
DA:948,0
DA:955,0
DA:970,0
DA:974,0
DA:977,0
DA:994,0
DA:1001,0
DA:1008,0
DA:1017,0
LF:247
LH:0
BRDA:130,0,0,0
BRDA:130,0,1,0
BRDA:137,1,0,0
BRDA:137,1,1,0
BRDA:138,2,0,0
BRDA:138,2,1,0
BRDA:141,3,0,0
BRDA:141,3,1,0
BRDA:141,4,0,0
BRDA:141,4,1,0
BRDA:141,4,2,0
BRDA:154,5,0,0
BRDA:154,5,1,0
BRDA:154,6,0,0
BRDA:154,6,1,0
BRDA:157,7,0,0
BRDA:157,7,1,0
BRDA:159,8,0,0
BRDA:159,8,1,0
BRDA:160,9,0,0
BRDA:160,9,1,0
BRDA:161,10,0,0
BRDA:161,10,1,0
BRDA:165,11,0,0
BRDA:165,11,1,0
BRDA:165,12,0,0
BRDA:165,12,1,0
BRDA:171,13,0,0
BRDA:171,13,1,0
BRDA:171,14,0,0
BRDA:171,14,1,0
BRDA:178,15,0,0
BRDA:178,15,1,0
BRDA:178,16,0,0
BRDA:178,16,1,0
BRDA:180,17,0,0
BRDA:180,17,1,0
BRDA:182,18,0,0
BRDA:182,18,1,0
BRDA:183,19,0,0
BRDA:183,19,1,0
BRDA:184,20,0,0
BRDA:184,20,1,0
BRDA:185,21,0,0
BRDA:185,21,1,0
BRDA:192,22,0,0
BRDA:192,22,1,0
BRDA:192,23,0,0
BRDA:192,23,1,0
BRDA:194,24,0,0
BRDA:194,24,1,0
BRDA:198,25,0,0
BRDA:198,25,1,0
BRDA:198,26,0,0
BRDA:198,26,1,0
BRDA:202,27,0,0
BRDA:202,27,1,0
BRDA:203,28,0,0
BRDA:203,28,1,0
BRDA:221,29,0,0
BRDA:221,29,1,0
BRDA:221,30,0,0
BRDA:221,30,1,0
BRDA:223,31,0,0
BRDA:223,31,1,0
BRDA:233,32,0,0
BRDA:233,32,1,0
BRDA:244,33,0,0
BRDA:244,33,1,0
BRDA:252,34,0,0
BRDA:252,34,1,0
BRDA:261,35,0,0
BRDA:261,35,1,0
BRDA:262,36,0,0
BRDA:262,36,1,0
BRDA:266,37,0,0
BRDA:266,37,1,0
BRDA:267,38,0,0
BRDA:267,38,1,0
BRDA:268,39,0,0
BRDA:268,39,1,0
BRDA:269,40,0,0
BRDA:269,40,1,0
BRDA:274,41,0,0
BRDA:274,41,1,0
BRDA:275,42,0,0
BRDA:275,42,1,0
BRDA:276,43,0,0
BRDA:276,43,1,0
BRDA:281,44,0,0
BRDA:281,44,1,0
BRDA:282,45,0,0
BRDA:282,45,1,0
BRDA:282,45,2,0
BRDA:292,46,0,0
BRDA:292,46,1,0
BRDA:293,47,0,0
BRDA:293,47,1,0
BRDA:296,48,0,0
BRDA:296,48,1,0
BRDA:296,49,0,0
BRDA:296,49,1,0
BRDA:296,49,2,0
BRDA:298,50,0,0
BRDA:298,50,1,0
BRDA:299,51,0,0
BRDA:299,51,1,0
BRDA:299,52,0,0
BRDA:299,52,1,0
BRDA:310,53,0,0
BRDA:310,53,1,0
BRDA:312,54,0,0
BRDA:312,54,1,0
BRDA:315,55,0,0
BRDA:315,55,1,0
BRDA:320,56,0,0
BRDA:320,56,1,0
BRDA:321,57,0,0
BRDA:321,57,1,0
BRDA:332,58,0,0
BRDA:332,58,1,0
BRDA:337,59,0,0
BRDA:337,59,1,0
BRDA:338,60,0,0
BRDA:338,60,1,0
BRDA:343,61,0,0
BRDA:343,61,1,0
BRDA:344,62,0,0
BRDA:344,62,1,0
BRDA:344,62,2,0
BRDA:345,63,0,0
BRDA:345,63,1,0
BRDA:354,64,0,0
BRDA:354,64,1,0
BRDA:355,65,0,0
BRDA:355,65,1,0
BRDA:358,66,0,0
BRDA:358,66,1,0
BRDA:358,67,0,0
BRDA:358,67,1,0
BRDA:358,67,2,0
BRDA:360,68,0,0
BRDA:360,68,1,0
BRDA:360,69,0,0
BRDA:360,69,1,0
BRDA:369,70,0,0
BRDA:369,70,1,0
BRDA:375,71,0,0
BRDA:375,71,1,0
BRDA:385,72,0,0
BRDA:385,72,1,0
BRDA:394,73,0,0
BRDA:394,73,1,0
BRDA:395,74,0,0
BRDA:395,74,1,0
BRDA:399,75,0,0
BRDA:399,75,1,0
BRDA:403,76,0,0
BRDA:403,76,1,0
BRDA:403,76,2,0
BRDA:410,77,0,0
BRDA:410,77,1,0
BRDA:411,78,0,0
BRDA:411,78,1,0
BRDA:414,79,0,0
BRDA:414,79,1,0
BRDA:414,80,0,0
BRDA:414,80,1,0
BRDA:414,80,2,0
BRDA:417,81,0,0
BRDA:417,81,1,0
BRDA:419,82,0,0
BRDA:419,82,1,0
BRDA:429,83,0,0
BRDA:429,83,1,0
BRDA:439,84,0,0
BRDA:439,84,1,0
BRDA:448,85,0,0
BRDA:448,85,1,0
BRDA:449,86,0,0
BRDA:449,86,1,0
BRDA:452,87,0,0
BRDA:452,87,1,0
BRDA:452,88,0,0
BRDA:452,88,1,0
BRDA:452,88,2,0
BRDA:455,89,0,0
BRDA:455,89,1,0
BRDA:457,90,0,0
BRDA:457,90,1,0
BRDA:465,91,0,0
BRDA:465,91,1,0
BRDA:468,92,0,0
BRDA:468,92,1,0
BRDA:476,93,0,0
BRDA:476,93,1,0
BRDA:532,94,0,0
BRDA:550,95,0,0
BRDA:550,95,1,0
BRDA:551,96,0,0
BRDA:551,96,1,0
BRDA:564,97,0,0
BRDA:564,97,1,0
BRDA:565,98,0,0
BRDA:565,98,1,0
BRDA:567,99,0,0
BRDA:621,100,0,0
BRDA:621,100,1,0
BRDA:621,101,0,0
BRDA:621,101,1,0
BRDA:621,101,2,0
BRDA:621,102,0,0
BRDA:621,102,1,0
BRDA:676,103,0,0
BRDA:676,103,1,0
BRDA:780,104,0,0
BRDA:780,104,1,0
BRDA:795,105,0,0
BRDA:795,105,1,0
BRDA:801,106,0,0
BRDA:830,107,0,0
BRDA:830,107,1,0
BRDA:833,108,0,0
BRDA:833,109,0,0
BRDA:833,109,1,0
BRDA:838,110,0,0
BRDA:838,110,1,0
BRDA:841,111,0,0
BRDA:861,112,0,0
BRDA:861,112,1,0
BRDA:864,113,0,0
BRDA:871,114,0,0
BRDA:887,115,0,0
BRDA:887,115,1,0
BRDA:890,116,0,0
BRDA:890,116,1,0
BRDA:894,117,0,0
BRDA:907,118,0,0
BRDA:907,118,1,0
BRDA:908,119,0,0
BRDA:908,119,1,0
BRDA:909,120,0,0
BRDA:909,120,1,0
BRDA:941,121,0,0
BRDA:941,121,1,0
BRDA:944,122,0,0
BRDA:944,122,1,0
BRDA:994,123,0,0
BRDA:994,123,1,0
BRDA:997,124,0,0
BRDA:997,124,1,0
BRDA:1012,125,0,0
BRDA:1012,125,1,0
BRDA:1018,126,0,0
BRDA:1018,126,1,0
BRDA:1019,127,0,0
BRF:256
BRH:0
end_of_record
TN:
SF:app/components/admin-dashboard.tsx
FN:67,AdminDashboard
FN:80,(anonymous_5)
FN:85,(anonymous_6)
FN:108,(anonymous_7)
FN:131,(anonymous_8)
FN:159,(anonymous_9)
FN:182,(anonymous_10)
FN:205,(anonymous_11)
FN:209,(anonymous_12)
FN:214,(anonymous_13)
FN:301,(anonymous_14)
FN:327,(anonymous_15)
FN:328,(anonymous_16)
FN:368,(anonymous_17)
FN:392,(anonymous_18)
FN:399,(anonymous_19)
FNF:16
FNH:0
FNDA:0,AdminDashboard
FNDA:0,(anonymous_5)
FNDA:0,(anonymous_6)
FNDA:0,(anonymous_7)
FNDA:0,(anonymous_8)
FNDA:0,(anonymous_9)
FNDA:0,(anonymous_10)
FNDA:0,(anonymous_11)
FNDA:0,(anonymous_12)
FNDA:0,(anonymous_13)
FNDA:0,(anonymous_14)
FNDA:0,(anonymous_15)
FNDA:0,(anonymous_16)
FNDA:0,(anonymous_17)
FNDA:0,(anonymous_18)
FNDA:0,(anonymous_19)
DA:3,0
DA:4,0
DA:5,0
DA:6,0
DA:7,0
DA:8,0
DA:9,0
DA:10,0
DA:11,0
DA:12,0
DA:13,0
DA:67,0
DA:68,0
DA:69,0
DA:70,0
DA:71,0
DA:72,0
DA:73,0
DA:74,0
DA:75,0
DA:77,0
DA:80,0
DA:81,0
DA:82,0
DA:85,0
DA:86,0
DA:87,0
DA:88,0
DA:95,0
DA:96,0
DA:99,0
DA:100,0
DA:102,0
DA:104,0
DA:108,0
DA:109,0
DA:110,0
DA:111,0
DA:118,0
DA:119,0
DA:122,0
DA:123,0
DA:125,0
DA:127,0
DA:131,0
DA:132,0
DA:133,0
DA:134,0
DA:135,0
DA:136,0
DA:137,0
DA:139,0
DA:146,0
DA:147,0
DA:150,0
DA:151,0
DA:153,0
DA:155,0
DA:159,0
DA:160,0
DA:161,0
DA:162,0
DA:169,0
DA:170,0
DA:173,0
DA:174,0
DA:176,0
DA:178,0
DA:182,0
DA:183,0
DA:184,0
DA:185,0
DA:192,0
DA:193,0
DA:196,0
DA:197,0
DA:199,0
DA:201,0
DA:205,0
DA:206,0
DA:209,0
DA:210,0
DA:214,0
DA:215,0
DA:302,0
DA:327,0
DA:328,0
DA:369,0
DA:392,0
DA:399,0
LF:90
LH:0
BRDA:95,0,0,0
BRDA:95,0,1,0
BRDA:102,1,0,0
BRDA:102,1,1,0
BRDA:118,2,0,0
BRDA:118,2,1,0
BRDA:125,3,0,0
BRDA:125,3,1,0
BRDA:135,4,0,0
BRDA:135,4,1,0
BRDA:136,5,0,0
BRDA:136,5,1,0
BRDA:146,6,0,0
BRDA:146,6,1,0
BRDA:153,7,0,0
BRDA:153,7,1,0
BRDA:169,8,0,0
BRDA:169,8,1,0
BRDA:176,9,0,0
BRDA:176,9,1,0
BRDA:192,10,0,0
BRDA:192,10,1,0
BRDA:199,11,0,0
BRDA:199,11,1,0
BRDA:210,12,0,0
BRDA:210,12,1,0
BRDA:221,13,0,0
BRDA:221,13,1,0
BRDA:229,14,0,0
BRDA:234,15,0,0
BRDA:250,16,0,0
BRDA:293,17,0,0
BRDA:328,18,0,0
BRDA:328,18,1,0
BRDA:373,19,0,0
BRDA:373,19,1,0
BRDA:375,20,0,0
BRDA:386,21,0,0
BRDA:386,21,1,0
BRDA:413,22,0,0
BRDA:426,23,0,0
BRDA:426,23,1,0
BRDA:428,24,0,0
BRDA:428,24,1,0
BRDA:442,25,0,0
BRDA:442,25,1,0
BRDA:443,26,0,0
BRDA:443,26,1,0
BRDA:460,27,0,0
BRDA:464,28,0,0
BRDA:469,29,0,0
BRDA:469,29,1,0
BRDA:479,30,0,0
BRDA:479,30,1,0
BRDA:480,31,0,0
BRDA:480,31,1,0
BRDA:481,32,0,0
BRDA:481,32,1,0
BRDA:489,33,0,0
BRDA:489,33,1,0
BRF:60
BRH:0
end_of_record
TN:
SF:app/components/student-profile.tsx
FN:49,StudentProfileCard
FN:55,(anonymous_8)
FN:62,(anonymous_9)
FN:88,(anonymous_10)
FN:109,(anonymous_11)
FN:125,(anonymous_12)
FN:133,(anonymous_13)
FN:405,(anonymous_14)
FN:425,StudentProfileSummary
FN:429,StudentProfileFull
FNF:10
FNH:0
FNDA:0,StudentProfileCard
FNDA:0,(anonymous_8)
FNDA:0,(anonymous_9)
FNDA:0,(anonymous_10)
FNDA:0,(anonymous_11)
FNDA:0,(anonymous_12)
FNDA:0,(anonymous_13)
FNDA:0,(anonymous_14)
FNDA:0,StudentProfileSummary
FNDA:0,StudentProfileFull
DA:3,0
DA:4,0
DA:16,0
DA:49,0
DA:50,0
DA:51,0
DA:52,0
DA:53,0
DA:55,0
DA:56,0
DA:57,0
DA:58,0
DA:62,0
DA:63,0
DA:64,0
DA:68,0
DA:76,0
DA:77,0
DA:78,0
DA:80,0
DA:83,0
DA:84,0
DA:88,0
DA:89,0
DA:90,0
DA:98,0
DA:99,0
DA:100,0
DA:103,0
DA:105,0
DA:109,0
DA:110,0
DA:113,0
DA:116,0
DA:119,0
DA:121,0
DA:125,0
DA:126,0
DA:127,0
DA:128,0
DA:129,0
DA:130,0
DA:133,0
DA:134,0
DA:137,0
DA:160,0
DA:175,0
DA:177,0
DA:406,0
DA:425,0
DA:429,0
LF:51
LH:0
BRDA:49,0,0,0
BRDA:49,1,0,0
BRDA:57,2,0,0
BRDA:57,2,1,0
BRDA:64,3,0,0
BRDA:64,3,1,0
BRDA:76,4,0,0
BRDA:76,4,1,0
BRDA:98,5,0,0
BRDA:98,5,1,0
BRDA:110,6,0,0
BRDA:110,6,1,0
BRDA:110,6,2,0
BRDA:110,6,3,0
BRDA:110,6,4,0
BRDA:110,6,5,0
BRDA:110,6,6,0
BRDA:126,7,0,0
BRDA:126,7,1,0
BRDA:127,8,0,0
BRDA:127,8,1,0
BRDA:128,9,0,0
BRDA:128,9,1,0
BRDA:129,10,0,0
BRDA:129,10,1,0
BRDA:137,11,0,0
BRDA:137,11,1,0
BRDA:160,12,0,0
BRDA:160,12,1,0
BRDA:160,13,0,0
BRDA:160,13,1,0
BRDA:167,14,0,0
BRDA:167,14,1,0
BRDA:175,15,0,0
BRDA:175,15,1,0
BRDA:177,16,0,0
BRDA:177,16,1,0
BRDA:191,17,0,0
BRDA:201,18,0,0
BRDA:207,19,0,0
BRDA:213,20,0,0
BRDA:219,21,0,0
BRDA:228,22,0,0
BRDA:255,23,0,0
BRDA:264,24,0,0
BRDA:277,25,0,0
BRDA:287,26,0,0
BRDA:297,27,0,0
BRDA:307,28,0,0
BRDA:321,29,0,0
BRDA:333,30,0,0
BRDA:362,31,0,0
BRDA:382,32,0,0
BRDA:382,32,1,0
BRDA:389,33,0,0
BRDA:399,34,0,0
BRDA:399,34,1,0
BRDA:429,35,0,0
BRF:58
BRH:0
end_of_record
TN:
SF:app/components/Badge/badge.tsx
FN:28,Badge
FNF:1
FNH:0
FNDA:0,Badge
DA:1,0
DA:2,0
DA:3,0
DA:5,0
DA:7,0
DA:35,0
DA:46,0
LF:7
LH:0
BRDA:31,0,0,0
BRDA:35,1,0,0
BRDA:35,1,1,0
BRF:3
BRH:0
end_of_record
TN:
SF:app/components/Button/button.tsx
FN:37,Button
FNF:1
FNH:0
FNDA:0,Button
DA:1,0
DA:2,0
DA:3,0
DA:5,0
DA:7,0
DA:47,0
DA:58,0
LF:7
LH:0
BRDA:41,0,0,0
BRDA:47,1,0,0
BRDA:47,1,1,0
BRF:3
BRH:0
end_of_record
TN:
SF:app/components/Card/card.tsx
FN:74,HomepageCard
FN:98,ScheduleCard
FN:103,(anonymous_21)
FN:104,(anonymous_22)
FN:114,(anonymous_23)
FN:138,(anonymous_24)
FNF:6
FNH:0
FNDA:0,HomepageCard
FNDA:0,ScheduleCard
FNDA:0,(anonymous_21)
FNDA:0,(anonymous_22)
FNDA:0,(anonymous_23)
FNDA:0,(anonymous_24)
DA:3,0
DA:4,0
DA:6,0
DA:7,0
DA:15,0
DA:23,0
DA:31,0
DA:39,0
DA:47,0
DA:55,0
DA:66,0
DA:67,0
DA:68,0
DA:69,0
DA:70,0
DA:71,0
DA:74,0
DA:98,0
DA:99,0
DA:100,0
DA:101,0
DA:103,0
DA:104,0
DA:105,0
DA:106,0
DA:107,0
DA:108,0
DA:109,0
DA:110,0
DA:111,0
DA:112,0
DA:113,0
DA:114,0
DA:120,0
DA:122,0
DA:125,0
DA:139,0
LF:37
LH:0
BRDA:78,0,0,0
BRDA:89,1,0,0
BRDA:106,2,0,0
BRDA:106,2,1,0
BRDA:107,3,0,0
BRDA:107,3,1,0
BRDA:110,4,0,0
BRDA:110,4,1,0
BRDA:110,5,0,0
BRDA:110,5,1,0
BRDA:110,5,2,0
BRDA:112,6,0,0
BRDA:112,6,1,0
BRDA:114,7,0,0
BRDA:114,7,1,0
BRDA:115,8,0,0
BRDA:115,8,1,0
BRDA:118,9,0,0
BRDA:118,9,1,0
BRDA:122,10,0,0
BRDA:122,10,1,0
BRDA:157,11,0,0
BRF:22
BRH:0
end_of_record
TN:
SF:app/components/Collapsible/collapsible.tsx
FN:5,Collapsible
FN:11,CollapsibleTrigger
FN:22,CollapsibleContent
FNF:3
FNH:0
FNDA:0,Collapsible
FNDA:0,CollapsibleTrigger
FNDA:0,CollapsibleContent
DA:3,0
DA:33,0
LF:2
LH:0
BRF:0
BRH:0
end_of_record
TN:
SF:app/components/Header/header.tsx
FN:75,Header
FN:98,(anonymous_3)
FN:117,(anonymous_4)
FNF:3
FNH:0
FNDA:0,Header
FNDA:0,(anonymous_3)
FNDA:0,(anonymous_4)
DA:3,0
DA:4,0
DA:5,0
DA:6,0
DA:18,0
DA:19,0
DA:22,0
DA:75,0
DA:76,0
DA:98,0
DA:117,0
LF:11
LH:0
BRDA:113,0,0,0
BRF:1
BRH:0
end_of_record
TN:
SF:app/components/LoginForm/login.tsx
FN:29,(anonymous_5)
FN:35,LoginForm
FN:49,onSubmit
FN:53,(anonymous_8)
FN:82,(anonymous_9)
FNF:5
FNH:0
FNDA:0,(anonymous_5)
FNDA:0,LoginForm
FNDA:0,onSubmit
FNDA:0,(anonymous_8)
FNDA:0,(anonymous_9)
DA:3,0
DA:4,0
DA:5,0
DA:6,0
DA:7,0
DA:8,0
DA:9,0
DA:11,0
DA:19,0
DA:20,0
DA:21,0
DA:22,0
DA:23,0
DA:25,0
DA:29,0
DA:35,0
DA:36,0
DA:37,0
DA:38,0
DA:39,0
DA:41,0
DA:50,0
DA:53,0
DA:54,0
DA:64,0
DA:66,0
DA:69,0
DA:70,0
DA:71,0
DA:74,0
DA:76,0
DA:82,0
DA:83,0
DA:86,0
DA:87,0
DA:89,0
DA:94,0
DA:95,0
DA:97,0
DA:102,0
DA:103,0
DA:108,0
DA:109,0
DA:110,0
DA:118,0
LF:45
LH:0
BRDA:66,0,0,0
BRDA:66,0,1,0
BRDA:66,1,0,0
BRDA:66,1,1,0
BRDA:69,2,0,0
BRDA:69,2,1,0
BRDA:70,3,0,0
BRDA:70,3,1,0
BRDA:71,4,0,0
BRDA:71,4,1,0
BRDA:87,5,0,0
BRDA:87,5,1,0
BRDA:92,6,0,0
BRDA:92,6,1,0
BRDA:100,7,0,0
BRDA:100,7,1,0
BRDA:108,8,0,0
BRDA:108,8,1,0
BRDA:109,9,0,0
BRDA:109,9,1,0
BRDA:172,10,0,0
BRF:21
BRH:0
end_of_record
TN:
SF:app/components/Others/accordion.tsx
FNF:0
FNH:0
DA:3,0
DA:4,0
DA:5,0
DA:7,0
DA:9,0
DA:21,0
DA:41,0
DA:56,0
DA:58,0
LF:9
LH:0
BRF:0
BRH:0
end_of_record
TN:
SF:app/components/Others/alert-dialog.tsx
FNF:0
FNH:0
DA:3,0
DA:4,0
DA:6,0
DA:7,0
DA:9,0
DA:11,0
DA:13,0
DA:28,0
DA:46,0
DA:60,0
DA:74,0
DA:86,0
DA:98,0
DA:111,0
DA:127,0
DA:130,0
DA:131,0
DA:132,0
DA:133,0
DA:134,0
DA:135,0
DA:136,0
DA:137,0
DA:138,0
DA:139,0
DA:140,0
LF:26
LH:0
BRF:0
BRH:0
end_of_record
TN:
SF:app/components/Others/alert.tsx
FNF:0
FNH:0
DA:1,0
DA:2,0
DA:4,0
DA:6,0
DA:33,0
DA:45,0
DA:57,0
DA:59,0
LF:8
LH:0
BRF:0
BRH:0
end_of_record
TN:
SF:app/components/Others/avatar.tsx
FNF:0
FNH:0
DA:3,0
DA:4,0
DA:6,0
DA:21,0
DA:33,0
DA:48,0
DA:50,0
LF:7
LH:0
BRF:0
BRH:0
end_of_record
TN:
SF:app/components/Others/badge.tsx
FN:30,Badge
FNF:1
FNH:0
FNDA:0,Badge
DA:1,0
DA:2,0
DA:4,0
DA:6,0
DA:36,0
LF:5
LH:0
BRF:0
BRH:0
end_of_record
TN:
SF:app/components/Others/button.tsx
FN:43,(anonymous_6)
FNF:1
FNH:0
FNDA:0,(anonymous_6)
DA:1,0
DA:2,0
DA:3,0
DA:5,0
DA:7,0
DA:42,0
DA:44,0
DA:54,0
DA:56,0
LF:9
LH:0
BRDA:43,0,0,0
BRDA:44,1,0,0
BRDA:44,1,1,0
BRF:3
BRH:0
end_of_record
TN:
SF:app/components/Others/calendar.tsx
FN:12,Calendar
FNF:1
FNH:0
FNDA:0,Calendar
DA:3,0
DA:4,0
DA:5,0
DA:7,0
DA:8,0
DA:68,0
DA:70,0
LF:7
LH:0
BRDA:15,0,0,0
BRF:1
BRH:0
end_of_record
TN:
SF:app/components/Others/carousel.tsx
FN:35,useCarousel
FN:49,(anonymous_11)
FN:71,(anonymous_12)
FN:80,(anonymous_13)
FN:84,(anonymous_14)
FN:89,(anonymous_15)
FN:101,(anonymous_16)
FN:109,(anonymous_17)
FN:118,(anonymous_18)
FN:156,(anonymous_19)
FN:178,(anonymous_20)
FN:200,(anonymous_21)
FN:229,(anonymous_22)
FNF:13
FNH:0
FNDA:0,useCarousel
FNDA:0,(anonymous_11)
FNDA:0,(anonymous_12)
FNDA:0,(anonymous_13)
FNDA:0,(anonymous_14)
FNDA:0,(anonymous_15)
FNDA:0,(anonymous_16)
FNDA:0,(anonymous_17)
FNDA:0,(anonymous_18)
FNDA:0,(anonymous_19)
FNDA:0,(anonymous_20)
FNDA:0,(anonymous_21)
FNDA:0,(anonymous_22)
DA:3,0
DA:6,0
DA:7,0
DA:9,0
DA:10,0
DA:33,0
DA:36,0
DA:38,0
DA:39,0
DA:42,0
DA:45,0
DA:61,0
DA:68,0
DA:69,0
DA:71,0
DA:72,0
DA:73,0
DA:76,0
DA:77,0
DA:80,0
DA:81,0
DA:84,0
DA:85,0
DA:88,0
DA:90,0
DA:91,0
DA:92,0
DA:93,0
DA:94,0
DA:95,0
DA:101,0
DA:102,0
DA:103,0
DA:106,0
DA:109,0
DA:110,0
DA:111,0
DA:114,0
DA:115,0
DA:116,0
DA:118,0
DA:119,0
DA:151,0
DA:153,0
DA:157,0
DA:173,0
DA:175,0
DA:179,0
DA:195,0
DA:197,0
DA:201,0
DA:224,0
DA:226,0
DA:230,0
DA:253,0
DA:257,0
DA:258,0
DA:259,0
DA:260,0
DA:261,0
LF:60
LH:0
BRDA:38,0,0,0
BRDA:38,0,1,0
BRDA:51,1,0,0
BRDA:64,2,0,0
BRDA:64,2,1,0
BRDA:72,3,0,0
BRDA:72,3,1,0
BRDA:90,4,0,0
BRDA:90,4,1,0
BRDA:93,5,0,0
BRDA:93,5,1,0
BRDA:102,6,0,0
BRDA:102,6,1,0
BRDA:102,7,0,0
BRDA:102,7,1,0
BRDA:110,8,0,0
BRDA:110,8,1,0
BRDA:130,9,0,0
BRDA:130,9,1,0
BRDA:130,10,0,0
BRDA:130,10,1,0
BRDA:165,11,0,0
BRDA:165,11,1,0
BRDA:188,12,0,0
BRDA:188,12,1,0
BRDA:200,13,0,0
BRDA:200,14,0,0
BRDA:210,15,0,0
BRDA:210,15,1,0
BRDA:229,16,0,0
BRDA:229,17,0,0
BRDA:239,18,0,0
BRDA:239,18,1,0
BRF:33
BRH:0
end_of_record
TN:
SF:app/components/Others/chart.tsx
FN:27,useChart
FN:45,(anonymous_11)
FN:70,(anonymous_12)
FN:72,(anonymous_13)
FN:84,(anonymous_14)
FN:87,(anonymous_15)
FN:116,(anonymous_16)
FN:136,(anonymous_17)
FN:188,(anonymous_18)
FN:269,(anonymous_19)
FN:288,(anonymous_20)
FN:320,getPayloadConfigFromPayload
FNF:12
FNH:0
FNDA:0,useChart
FNDA:0,(anonymous_11)
FNDA:0,(anonymous_12)
FNDA:0,(anonymous_13)
FNDA:0,(anonymous_14)
FNDA:0,(anonymous_15)
FNDA:0,(anonymous_16)
FNDA:0,(anonymous_17)
FNDA:0,(anonymous_18)
FNDA:0,(anonymous_19)
FNDA:0,(anonymous_20)
FNDA:0,getPayloadConfigFromPayload
DA:3,0
DA:4,0
DA:6,0
DA:9,0
DA:25,0
DA:28,0
DA:30,0
DA:31,0
DA:34,0
DA:37,0
DA:46,0
DA:47,0
DA:68,0
DA:70,0
DA:71,0
DA:72,0
DA:75,0
DA:76,0
DA:84,0
DA:89,0
DA:91,0
DA:103,0
DA:105,0
DA:134,0
DA:136,0
DA:137,0
DA:138,0
DA:141,0
DA:142,0
DA:143,0
DA:145,0
DA:149,0
DA:157,0
DA:158,0
DA:172,0
DA:173,0
DA:176,0
DA:189,0
DA:190,0
DA:191,0
DA:193,0
DA:257,0
DA:259,0
DA:261,0
DA:273,0
DA:275,0
DA:276,0
DA:289,0
DA:290,0
DA:292,0
DA:317,0
DA:325,0
DA:326,0
DA:330,0
DA:336,0
DA:338,0
DA:342,0
DA:343,0
DA:348,0
DA:353,0
DA:359,0
DA:360,0
DA:361,0
DA:362,0
DA:363,0
DA:364,0
LF:66
LH:0
BRDA:30,0,0,0
BRDA:30,0,1,0
BRDA:47,1,0,0
BRDA:47,1,1,0
BRDA:72,2,0,0
BRDA:72,2,1,0
BRDA:75,3,0,0
BRDA:75,3,1,0
BRDA:89,4,0,0
BRDA:89,4,1,0
BRDA:91,5,0,0
BRDA:91,5,1,0
BRDA:121,6,0,0
BRDA:122,7,0,0
BRDA:123,8,0,0
BRDA:137,9,0,0
BRDA:137,9,1,0
BRDA:137,10,0,0
BRDA:137,10,1,0
BRDA:142,11,0,0
BRDA:142,11,1,0
BRDA:142,11,2,0
BRDA:142,11,3,0
BRDA:145,12,0,0
BRDA:145,12,1,0
BRDA:145,13,0,0
BRDA:145,13,1,0
BRDA:146,14,0,0
BRDA:146,14,1,0
BRDA:149,15,0,0
BRDA:149,15,1,0
BRDA:157,16,0,0
BRDA:157,16,1,0
BRDA:172,17,0,0
BRDA:172,17,1,0
BRDA:172,18,0,0
BRDA:172,18,1,0
BRDA:176,19,0,0
BRDA:176,19,1,0
BRDA:186,20,0,0
BRDA:186,20,1,0
BRDA:189,21,0,0
BRDA:189,21,1,0
BRDA:189,21,2,0
BRDA:189,21,3,0
BRDA:191,22,0,0
BRDA:191,22,1,0
BRDA:191,22,2,0
BRDA:198,23,0,0
BRDA:198,23,1,0
BRDA:202,24,0,0
BRDA:201,25,0,0
BRDA:201,25,1,0
BRDA:201,25,2,0
BRDA:206,26,0,0
BRDA:208,27,0,0
BRDA:217,28,0,0
BRDA:217,28,1,0
BRDA:232,29,0,0
BRDA:232,29,1,0
BRDA:236,30,0,0
BRDA:236,30,1,0
BRDA:238,31,0,0
BRDA:238,31,1,0
BRDA:241,32,0,0
BRDA:270,33,0,0
BRDA:270,34,0,0
BRDA:275,35,0,0
BRDA:275,35,1,0
BRDA:284,36,0,0
BRDA:284,36,1,0
BRDA:289,37,0,0
BRDA:289,37,1,0
BRDA:289,37,2,0
BRDA:300,38,0,0
BRDA:299,39,0,0
BRDA:299,39,1,0
BRDA:325,40,0,0
BRDA:325,40,1,0
BRDA:325,41,0,0
BRDA:325,41,1,0
BRDA:330,42,0,0
BRDA:330,42,1,0
BRDA:330,43,0,0
BRDA:330,43,1,0
BRDA:330,43,2,0
BRDA:338,44,0,0
BRDA:338,44,1,0
BRDA:339,45,0,0
BRDA:339,45,1,0
BRDA:343,46,0,0
BRDA:343,46,1,0
BRDA:344,47,0,0
BRDA:344,47,1,0
BRDA:344,47,2,0
BRDA:353,48,0,0
BRDA:353,48,1,0
BRF:97
BRH:0
end_of_record
TN:
SF:app/components/Others/checkbox.tsx
FNF:0
FNH:0
DA:3,0
DA:4,0
DA:5,0
DA:7,0
DA:28,0
DA:30,0
LF:6
LH:0
BRF:0
BRH:0
end_of_record
TN:
SF:app/components/Others/collapsible.tsx
FNF:0
FNH:0
DA:3,0
DA:5,0
DA:7,0
DA:9,0
DA:11,0
LF:5
LH:0
BRF:0
BRH:0
end_of_record
TN:
SF:app/components/Others/dialog.tsx
FNF:0
FNH:0
DA:3,0
DA:4,0
DA:5,0
DA:7,0
DA:9,0
DA:11,0
DA:13,0
DA:15,0
DA:30,0
DA:54,0
DA:68,0
DA:82,0
DA:97,0
DA:109,0
DA:112,0
DA:113,0
DA:114,0
DA:115,0
DA:116,0
DA:117,0
DA:118,0
DA:119,0
DA:120,0
DA:121,0
LF:24
LH:0
BRF:0
BRH:0
end_of_record
TN:
SF:app/components/Others/dropdown-menu.tsx
FN:171,(anonymous_27)
FNF:1
FNH:0
FNDA:0,(anonymous_27)
DA:3,0
DA:4,0
DA:5,0
DA:7,0
DA:9,0
DA:11,0
DA:13,0
DA:15,0
DA:17,0
DA:19,0
DA:40,0
DA:56,0
DA:75,0
DA:93,0
DA:116,0
DA:139,0
DA:157,0
DA:169,0
DA:171,0
DA:182,0
DA:185,0
DA:186,0
DA:187,0
DA:188,0
DA:189,0
DA:190,0
DA:191,0
DA:192,0
DA:193,0
DA:194,0
DA:195,0
DA:196,0
DA:197,0
DA:198,0
DA:199,0
LF:35
LH:0
BRDA:31,0,0,0
BRDA:31,0,1,0
BRDA:62,1,0,0
BRDA:87,2,0,0
BRDA:87,2,1,0
BRDA:151,3,0,0
BRDA:151,3,1,0
BRF:7
BRH:0
end_of_record
TN:
SF:app/components/Others/form.tsx
FN:31,(anonymous_12)
FN:44,(anonymous_13)
FN:78,(anonymous_14)
FN:92,(anonymous_15)
FN:109,(anonymous_16)
FN:132,(anonymous_17)
FN:149,(anonymous_18)
FNF:7
FNH:0
FNDA:0,(anonymous_12)
FNDA:0,(anonymous_13)
FNDA:0,(anonymous_14)
FNDA:0,(anonymous_15)
FNDA:0,(anonymous_16)
FNDA:0,(anonymous_17)
FNDA:0,(anonymous_18)
DA:3,0
DA:5,0
DA:13,0
DA:15,0
DA:16,0
DA:18,0
DA:27,0
DA:31,0
DA:44,0
DA:45,0
DA:46,0
DA:47,0
DA:49,0
DA:51,0
DA:52,0
DA:55,0
DA:57,0
DA:71,0
DA:75,0
DA:79,0
DA:87,0
DA:89,0
DA:93,0
DA:104,0
DA:106,0
DA:111,0
DA:127,0
DA:129,0
DA:133,0
DA:144,0
DA:146,0
DA:150,0
DA:151,0
DA:153,0
DA:154,0
DA:168,0
DA:171,0
DA:172,0
DA:173,0
DA:174,0
DA:175,0
DA:176,0
DA:177,0
DA:178,0
LF:44
LH:0
BRDA:51,0,0,0
BRDA:51,0,1,0
BRDA:98,1,0,0
BRDA:98,1,1,0
BRDA:118,2,0,0
BRDA:118,2,1,0
BRDA:151,3,0,0
BRDA:151,3,1,0
BRDA:151,4,0,0
BRDA:151,4,1,0
BRDA:153,5,0,0
BRDA:153,5,1,0
BRF:12
BRH:0
end_of_record
TN:
SF:app/components/Others/input.tsx
FN:6,(anonymous_4)
FNF:1
FNH:0
FNDA:0,(anonymous_4)
DA:1,0
DA:3,0
DA:5,0
DA:20,0
DA:22,0
LF:5
LH:0
BRF:0
BRH:0
end_of_record
TN:
SF:app/components/Others/label.tsx
FNF:0
FNH:0
DA:3,0
DA:4,0
DA:5,0
DA:7,0
DA:9,0
DA:24,0
DA:26,0
LF:7
LH:0
BRF:0
BRH:0
end_of_record
TN:
SF:app/components/Others/logo.tsx
FN:12,(anonymous_2)
FNF:1
FNH:0
FNDA:0,(anonymous_2)
DA:1,0
DA:12,0
DA:25,0
LF:3
LH:0
BRF:0
BRH:0
end_of_record
TN:
SF:app/components/Others/menubar.tsx
FN:9,MenubarMenu
FN:15,MenubarGroup
FN:21,MenubarPortal
FN:27,MenubarRadioGroup
FN:33,MenubarSub
FN:223,(anonymous_35)
FNF:6
FNH:0
FNDA:0,MenubarMenu
FNDA:0,MenubarGroup
FNDA:0,MenubarPortal
FNDA:0,MenubarRadioGroup
FNDA:0,MenubarSub
FNDA:0,(anonymous_35)
DA:3,0
DA:4,0
DA:5,0
DA:7,0
DA:52,0
DA:67,0
DA:88,0
DA:103,0
DA:128,0
DA:146,0
DA:169,0
DA:191,0
DA:209,0
DA:221,0
DA:223,0
DA:237,0
DA:240,0
DA:241,0
DA:242,0
DA:243,0
DA:244,0
DA:245,0
DA:246,0
DA:247,0
DA:248,0
DA:249,0
DA:250,0
DA:251,0
DA:252,0
DA:253,0
DA:254,0
DA:255,0
LF:32
LH:0
BRDA:79,0,0,0
BRDA:79,0,1,0
BRDA:110,1,0,0
BRDA:110,2,0,0
BRDA:110,3,0,0
BRDA:140,4,0,0
BRDA:140,4,1,0
BRDA:203,5,0,0
BRDA:203,5,1,0
BRF:9
BRH:0
end_of_record
TN:
SF:app/components/Others/popover.tsx
FNF:0
FNH:0
DA:3,0
DA:4,0
DA:6,0
DA:8,0
DA:10,0
DA:29,0
DA:31,0
LF:7
LH:0
BRDA:15,0,0,0
BRDA:15,1,0,0
BRF:2
BRH:0
end_of_record
TN:
SF:app/components/Others/progress.tsx
FNF:0
FNH:0
DA:3,0
DA:4,0
DA:6,0
DA:26,0
DA:28,0
LF:5
LH:0
BRDA:22,0,0,0
BRDA:22,0,1,0
BRF:2
BRH:0
end_of_record
TN:
SF:app/components/Others/radio-group.tsx
FN:12,(anonymous_6)
FN:26,(anonymous_7)
FNF:2
FNH:0
FNDA:0,(anonymous_6)
FNDA:0,(anonymous_7)
DA:3,0
DA:4,0
DA:5,0
DA:7,0
DA:9,0
DA:21,0
DA:23,0
DA:42,0
DA:44,0
LF:9
LH:0
BRF:0
BRH:0
end_of_record
TN:
SF:app/components/Others/scroll-area.tsx
FNF:0
FNH:0
DA:3,0
DA:4,0
DA:6,0
DA:24,0
DA:46,0
DA:48,0
LF:6
LH:0
BRDA:29,0,0,0
BRDA:35,1,0,0
BRDA:35,1,1,0
BRDA:37,2,0,0
BRDA:37,2,1,0
BRF:5
BRH:0
end_of_record
TN:
SF:app/components/Others/select.tsx
FNF:0
FNH:0
DA:3,0
DA:4,0
DA:5,0
DA:7,0
DA:9,0
DA:11,0
DA:13,0
DA:33,0
DA:50,0
DA:67,0
DA:100,0
DA:112,0
DA:135,0
DA:147,0
DA:150,0
DA:151,0
DA:152,0
DA:153,0
DA:154,0
DA:155,0
DA:156,0
DA:157,0
DA:158,0
DA:159,0
LF:24
LH:0
BRDA:73,0,0,0
BRDA:79,1,0,0
BRDA:79,1,1,0
BRDA:90,2,0,0
BRDA:90,2,1,0
BRF:5
BRH:0
end_of_record
TN:
SF:app/components/Others/separator.tsx
FNF:0
FNH:0
DA:3,0
DA:4,0
DA:6,0
DA:29,0
DA:31,0
LF:5
LH:0
BRDA:13,0,0,0
BRDA:13,1,0,0
BRDA:22,2,0,0
BRDA:22,2,1,0
BRF:4
BRH:0
end_of_record
TN:
SF:app/components/Others/sheet.tsx
FNF:0
FNH:0
DA:3,0
DA:4,0
DA:5,0
DA:6,0
DA:8,0
DA:10,0
DA:12,0
DA:14,0
DA:16,0
DA:31,0
DA:33,0
DA:75,0
DA:89,0
DA:103,0
DA:115,0
DA:127,0
DA:130,0
DA:131,0
DA:132,0
DA:133,0
DA:134,0
DA:135,0
DA:136,0
DA:137,0
DA:138,0
DA:139,0
LF:26
LH:0
BRDA:59,0,0,0
BRF:1
BRH:0
end_of_record
TN:
SF:app/components/Others/skeleton.tsx
FN:3,Skeleton
FNF:1
FNH:0
FNDA:0,Skeleton
DA:1,0
DA:15,0
LF:2
LH:0
BRF:0
BRH:0
end_of_record
TN:
SF:app/components/Others/slider.tsx
FNF:0
FNH:0
DA:3,0
DA:4,0
DA:6,0
DA:26,0
DA:28,0
LF:5
LH:0
BRF:0
BRH:0
end_of_record
TN:
SF:app/components/Others/switch.tsx
FNF:0
FNH:0
DA:3,0
DA:4,0
DA:6,0
DA:27,0
DA:29,0
LF:5
LH:0
BRF:0
BRH:0
end_of_record
TN:
SF:app/components/Others/table.tsx
FNF:0
FNH:0
DA:1,0
DA:3,0
DA:17,0
DA:25,0
DA:37,0
DA:52,0
DA:67,0
DA:82,0
DA:94,0
DA:106,0
DA:109,0
DA:110,0
DA:111,0
DA:112,0
DA:113,0
DA:114,0
DA:115,0
DA:116,0
LF:18
LH:0
BRF:0
BRH:0
end_of_record
TN:
SF:app/components/Others/tabs.tsx
FNF:0
FNH:0
DA:3,0
DA:4,0
DA:6,0
DA:8,0
DA:23,0
DA:38,0
DA:53,0
DA:55,0
LF:8
LH:0
BRF:0
BRH:0
end_of_record
TN:
SF:app/components/Others/textarea.tsx
FN:8,(anonymous_4)
FNF:1
FNH:0
FNDA:0,(anonymous_4)
DA:1,0
DA:3,0
DA:5,0
DA:20,0
DA:22,0
LF:5
LH:0
BRF:0
BRH:0
end_of_record
TN:
SF:app/components/Others/tooltip.tsx
FNF:0
FNH:0
DA:3,0
DA:4,0
DA:6,0
DA:8,0
DA:10,0
DA:12,0
DA:28,0
DA:30,0
LF:8
LH:0
BRDA:17,0,0,0
BRF:1
BRH:0
end_of_record
TN:
SF:app/components/Progress/progress.tsx
FN:8,Progress
FNF:1
FNH:0
FNDA:0,Progress
DA:3,0
DA:4,0
DA:6,0
DA:31,0
LF:4
LH:0
BRDA:25,0,0,0
BRDA:25,0,1,0
BRF:2
BRH:0
end_of_record
TN:
SF:app/components/SearchBar/searchbar.tsx
FN:20,SearchBar
FN:25,handleInputChange
FN:35,(anonymous_7)
FN:43,handleResultClick
FN:65,(anonymous_9)
FN:69,(anonymous_10)
FNF:6
FNH:0
FNDA:0,SearchBar
FNDA:0,handleInputChange
FNDA:0,(anonymous_7)
FNDA:0,handleResultClick
FNDA:0,(anonymous_9)
FNDA:0,(anonymous_10)
DA:1,0
DA:2,0
DA:4,0
DA:5,0
DA:20,0
DA:21,0
DA:22,0
DA:23,0
DA:26,0
DA:27,0
DA:28,0
DA:29,0
DA:30,0
DA:31,0
DA:32,0
DA:34,0
DA:36,0
DA:39,0
DA:40,0
DA:44,0
DA:45,0
DA:46,0
DA:66,0
DA:69,0
LF:24
LH:0
BRDA:29,0,0,0
BRDA:29,0,1,0
BRDA:36,1,0,0
BRDA:36,1,1,0
BRDA:36,1,2,0
BRDA:63,2,0,0
BRDA:63,2,1,0
BRDA:71,3,0,0
BRDA:73,4,0,0
BRDA:82,5,0,0
BRDA:82,5,1,0
BRF:11
BRH:0
end_of_record
TN:
SF:app/components/SideBar/sidebar.tsx
FN:37,AppSidebar
FN:42,(anonymous_3)
FN:47,(anonymous_4)
FN:52,(anonymous_5)
FN:57,(anonymous_6)
FN:62,(anonymous_7)
FN:70,(anonymous_8)
FN:75,(anonymous_9)
FN:80,(anonymous_10)
FN:85,(anonymous_11)
FN:93,(anonymous_12)
FN:98,(anonymous_13)
FN:103,(anonymous_14)
FN:110,handleLogout
FN:121,(anonymous_16)
FN:153,(anonymous_17)
FN:175,(anonymous_18)
FN:184,(anonymous_19)
FN:199,(anonymous_20)
FN:215,(anonymous_21)
FN:231,(anonymous_22)
FN:246,(anonymous_23)
FNF:22
FNH:0
FNDA:0,AppSidebar
FNDA:0,(anonymous_3)
FNDA:0,(anonymous_4)
FNDA:0,(anonymous_5)
FNDA:0,(anonymous_6)
FNDA:0,(anonymous_7)
FNDA:0,(anonymous_8)
FNDA:0,(anonymous_9)
FNDA:0,(anonymous_10)
FNDA:0,(anonymous_11)
FNDA:0,(anonymous_12)
FNDA:0,(anonymous_13)
FNDA:0,(anonymous_14)
FNDA:0,handleLogout
FNDA:0,(anonymous_16)
FNDA:0,(anonymous_17)
FNDA:0,(anonymous_18)
FNDA:0,(anonymous_19)
FNDA:0,(anonymous_20)
FNDA:0,(anonymous_21)
FNDA:0,(anonymous_22)
FNDA:0,(anonymous_23)
DA:15,0
DA:28,0
DA:30,0
DA:31,0
DA:37,0
DA:38,0
DA:42,0
DA:47,0
DA:52,0
DA:57,0
DA:62,0
DA:66,0
DA:70,0
DA:75,0
DA:80,0
DA:85,0
DA:89,0
DA:93,0
DA:98,0
DA:103,0
DA:107,0
DA:108,0
DA:111,0
DA:112,0
DA:113,0
DA:115,0
DA:116,0
DA:121,0
DA:122,0
DA:125,0
DA:155,0
DA:156,0
DA:177,0
DA:178,0
DA:184,0
DA:200,0
DA:216,0
DA:232,0
DA:246,0
LF:39
LH:0
BRDA:107,0,0,0
BRDA:107,0,1,0
BRDA:112,1,0,0
BRDA:112,1,1,0
BRDA:115,2,0,0
BRDA:115,2,1,0
BRF:6
BRH:0
end_of_record
TN:
SF:app/components/SideBar/Base/sidebarbase.tsx
FN:40,useSidebar
FN:56,(anonymous_29)
FN:72,(anonymous_30)
FN:87,(anonymous_31)
FN:104,(anonymous_32)
FN:106,(anonymous_33)
FN:107,(anonymous_34)
FN:111,(anonymous_35)
FN:112,(anonymous_36)
FN:123,(anonymous_37)
FN:131,(anonymous_38)
FN:178,(anonymous_39)
FN:276,(anonymous_40)
FN:286,(anonymous_41)
FN:302,(anonymous_42)
FN:331,(anonymous_43)
FN:349,(anonymous_44)
FN:367,(anonymous_45)
FN:382,(anonymous_46)
FN:397,(anonymous_47)
FN:412,(anonymous_48)
FN:430,(anonymous_49)
FN:445,(anonymous_50)
FN:466,(anonymous_51)
FN:555,(anonymous_55)
FN:612,(anonymous_56)
FN:663,(anonymous_58)
FN:665,(anonymous_59)
FN:726,(anonymous_62)
FNF:29
FNH:0
FNDA:0,useSidebar
FNDA:0,(anonymous_29)
FNDA:0,(anonymous_30)
FNDA:0,(anonymous_31)
FNDA:0,(anonymous_32)
FNDA:0,(anonymous_33)
FNDA:0,(anonymous_34)
FNDA:0,(anonymous_35)
FNDA:0,(anonymous_36)
FNDA:0,(anonymous_37)
FNDA:0,(anonymous_38)
FNDA:0,(anonymous_39)
FNDA:0,(anonymous_40)
FNDA:0,(anonymous_41)
FNDA:0,(anonymous_42)
FNDA:0,(anonymous_43)
FNDA:0,(anonymous_44)
FNDA:0,(anonymous_45)
FNDA:0,(anonymous_46)
FNDA:0,(anonymous_47)
FNDA:0,(anonymous_48)
FNDA:0,(anonymous_49)
FNDA:0,(anonymous_50)
FNDA:0,(anonymous_51)
FNDA:0,(anonymous_55)
FNDA:0,(anonymous_56)
FNDA:0,(anonymous_58)
FNDA:0,(anonymous_59)
FNDA:0,(anonymous_62)
DA:3,0
DA:4,0
DA:5,0
DA:6,0
DA:8,0
DA:9,0
DA:10,0
DA:11,0
DA:12,0
DA:13,0
DA:14,0
DA:20,0
DA:22,0
DA:23,0
DA:24,0
DA:25,0
DA:26,0
DA:38,0
DA:41,0
DA:42,0
DA:43,0
DA:46,0
DA:48,0
DA:68,0
DA:69,0
DA:72,0
DA:73,0
DA:75,0
DA:76,0
DA:77,0
DA:79,0
DA:84,0
DA:85,0
DA:86,0
DA:88,0
DA:89,0
DA:90,0
DA:92,0
DA:96,0
DA:97,0
DA:104,0
DA:105,0
DA:106,0
DA:107,0
DA:111,0
DA:112,0
DA:113,0
DA:117,0
DA:118,0
DA:122,0
DA:123,0
DA:128,0
DA:130,0
DA:131,0
DA:168,0
DA:170,0
DA:189,0
DA:191,0
DA:206,0
DA:271,0
DA:273,0
DA:277,0
DA:287,0
DA:288,0
DA:297,0
DA:299,0
DA:303,0
DA:326,0
DA:328,0
DA:344,0
DA:346,0
DA:362,0
DA:364,0
DA:377,0
DA:379,0
DA:392,0
DA:394,0
DA:407,0
DA:409,0
DA:425,0
DA:427,0
DA:440,0
DA:442,0
DA:446,0
DA:461,0
DA:463,0
DA:467,0
DA:484,0
DA:497,0
DA:510,0
DA:523,0
DA:525,0
DA:547,0
DA:567,0
DA:568,0
DA:581,0
DA:582,0
DA:585,0
DA:586,0
DA:604,0
DA:606,0
DA:613,0
DA:635,0
DA:656,0
DA:658,0
DA:665,0
DA:666,0
DA:694,0
DA:711,0
DA:717,0
DA:719,0
DA:727,0
DA:747,0
DA:750,0
DA:751,0
DA:752,0
DA:753,0
DA:754,0
DA:755,0
DA:756,0
DA:757,0
DA:758,0
DA:759,0
DA:760,0
DA:761,0
DA:762,0
DA:763,0
DA:764,0
DA:765,0
DA:766,0
DA:767,0
DA:768,0
DA:769,0
DA:770,0
DA:771,0
DA:772,0
DA:773,0
LF:137
LH:0
BRDA:42,0,0,0
BRDA:42,0,1,0
BRDA:58,1,0,0
BRDA:73,2,0,0
BRDA:73,2,1,0
BRDA:76,3,0,0
BRDA:76,3,1,0
BRDA:85,4,0,0
BRDA:85,4,1,0
BRDA:88,5,0,0
BRDA:88,5,1,0
BRDA:89,6,0,0
BRDA:89,6,1,0
BRDA:96,7,0,0
BRDA:96,7,1,0
BRDA:105,8,0,0
BRDA:105,8,1,0
BRDA:113,9,0,0
BRDA:113,9,1,0
BRDA:114,10,0,0
BRDA:114,10,1,0
BRDA:114,10,2,0
BRDA:128,11,0,0
BRDA:128,11,1,0
BRDA:180,12,0,0
BRDA:181,13,0,0
BRDA:182,14,0,0
BRDA:191,15,0,0
BRDA:191,15,1,0
BRDA:206,16,0,0
BRDA:206,16,1,0
BRDA:231,17,0,0
BRDA:231,17,1,0
BRDA:241,18,0,0
BRDA:241,18,1,0
BRDA:241,19,0,0
BRDA:241,19,1,0
BRDA:249,20,0,0
BRDA:249,20,1,0
BRDA:253,21,0,0
BRDA:253,21,1,0
BRDA:253,22,0,0
BRDA:253,22,1,0
BRDA:445,23,0,0
BRDA:446,24,0,0
BRDA:446,24,1,0
BRDA:466,25,0,0
BRDA:467,26,0,0
BRDA:467,26,1,0
BRDA:557,27,0,0
BRDA:558,28,0,0
BRDA:559,29,0,0
BRDA:560,30,0,0
BRDA:567,31,0,0
BRDA:567,31,1,0
BRDA:581,32,0,0
BRDA:581,32,1,0
BRDA:585,33,0,0
BRDA:585,33,1,0
BRDA:597,34,0,0
BRDA:597,34,1,0
BRDA:612,35,0,0
BRDA:612,36,0,0
BRDA:613,37,0,0
BRDA:613,37,1,0
BRDA:627,38,0,0
BRDA:627,38,1,0
BRDA:663,39,0,0
BRDA:676,40,0,0
BRDA:726,41,0,0
BRDA:726,42,0,0
BRDA:727,43,0,0
BRDA:727,43,1,0
BRDA:738,44,0,0
BRDA:738,44,1,0
BRDA:739,45,0,0
BRDA:739,45,1,0
BRF:77
BRH:0
end_of_record
TN:
SF:app/components/Toaster/toaster.tsx
FN:13,Toaster
FN:18,(anonymous_2)
FNF:2
FNH:0
FNDA:0,Toaster
FNDA:0,(anonymous_2)
DA:3,0
DA:11,0
DA:13,0
DA:14,0
DA:19,0
LF:5
LH:0
BRDA:22,0,0,0
BRDA:23,1,0,0
BRF:2
BRH:0
end_of_record
TN:
SF:app/components/Toaster/Toast/toast.tsx
FN:45,(anonymous_13)
FNF:1
FNH:0
FNDA:0,(anonymous_13)
DA:3,0
DA:4,0
DA:5,0
DA:6,0
DA:8,0
DA:9,0
DA:11,0
DA:23,0
DA:25,0
DA:41,0
DA:54,0
DA:70,0
DA:89,0
DA:101,0
DA:113,0
DA:122,0
DA:123,0
DA:124,0
DA:125,0
DA:126,0
DA:127,0
DA:128,0
LF:22
LH:0
BRF:0
BRH:0
end_of_record
TN:
SF:app/finances/page.tsx
FN:35,FinancesPage
FN:46,(anonymous_3)
FN:47,(anonymous_4)
FN:140,(anonymous_5)
FN:165,(anonymous_6)
FN:183,(anonymous_7)
FN:203,(anonymous_8)
FN:223,(anonymous_9)
FN:248,(anonymous_10)
FN:254,(anonymous_11)
FNF:10
FNH:0
FNDA:0,FinancesPage
FNDA:0,(anonymous_3)
FNDA:0,(anonymous_4)
FNDA:0,(anonymous_5)
FNDA:0,(anonymous_6)
FNDA:0,(anonymous_7)
FNDA:0,(anonymous_8)
FNDA:0,(anonymous_9)
FNDA:0,(anonymous_10)
FNDA:0,(anonymous_11)
DA:3,0
DA:4,0
DA:11,0
DA:12,0
DA:26,0
DA:31,0
DA:32,0
DA:33,0
DA:35,0
DA:36,0
DA:37,0
DA:38,0
DA:39,0
DA:40,0
DA:41,0
DA:42,0
DA:43,0
DA:44,0
DA:46,0
DA:47,0
DA:48,0
DA:49,0
DA:50,0
DA:51,0
DA:52,0
DA:53,0
DA:54,0
DA:55,0
DA:56,0
DA:57,0
DA:59,0
DA:62,0
DA:65,0
DA:141,0
DA:166,0
DA:184,0
DA:203,0
DA:223,0
DA:249,0
DA:250,0
DA:254,0
LF:41
LH:0
BRDA:49,0,0,0
BRDA:49,0,1,0
BRDA:50,1,0,0
BRDA:50,1,1,0
BRDA:53,2,0,0
BRDA:53,2,1,0
BRDA:53,3,0,0
BRDA:53,3,1,0
BRDA:53,3,2,0
BRDA:55,4,0,0
BRDA:55,4,1,0
BRDA:59,5,0,0
BRDA:59,5,1,0
BRDA:120,6,0,0
BRDA:145,7,0,0
BRDA:145,8,0,0
BRDA:145,8,1,0
BRDA:145,9,0,0
BRDA:145,9,1,0
BRDA:158,10,0,0
BRDA:158,10,1,0
BRDA:188,11,0,0
BRDA:188,12,0,0
BRDA:188,12,1,0
BRDA:188,13,0,0
BRDA:188,13,1,0
BRDA:206,14,0,0
BRDA:206,15,0,0
BRDA:206,15,1,0
BRDA:206,16,0,0
BRDA:206,16,1,0
BRDA:226,17,0,0
BRDA:226,18,0,0
BRDA:226,18,1,0
BRDA:226,19,0,0
BRDA:226,19,1,0
BRDA:261,20,0,0
BRF:37
BRH:0
end_of_record
TN:
SF:app/finances/financial-aid/page.tsx
FN:33,FinancialAidPage
FN:40,(anonymous_3)
FN:41,(anonymous_4)
FN:108,(anonymous_5)
FN:174,(anonymous_6)
FN:204,(anonymous_7)
FN:219,(anonymous_8)
FNF:7
FNH:0
FNDA:0,FinancialAidPage
FNDA:0,(anonymous_3)
FNDA:0,(anonymous_4)
FNDA:0,(anonymous_5)
FNDA:0,(anonymous_6)
FNDA:0,(anonymous_7)
FNDA:0,(anonymous_8)
DA:3,0
DA:4,0
DA:11,0
DA:12,0
DA:23,0
DA:24,0
DA:25,0
DA:30,0
DA:31,0
DA:33,0
DA:34,0
DA:35,0
DA:36,0
DA:37,0
DA:38,0
DA:40,0
DA:41,0
DA:42,0
DA:43,0
DA:44,0
DA:45,0
DA:46,0
DA:47,0
DA:48,0
DA:49,0
DA:50,0
DA:51,0
DA:53,0
DA:56,0
DA:58,0
DA:108,0
DA:109,0
DA:110,0
DA:175,0
DA:205,0
DA:206,0
DA:207,0
DA:209,0
DA:220,0
DA:221,0
LF:40
LH:0
BRDA:43,0,0,0
BRDA:43,0,1,0
BRDA:44,1,0,0
BRDA:44,1,1,0
BRDA:47,2,0,0
BRDA:47,2,1,0
BRDA:47,3,0,0
BRDA:47,3,1,0
BRDA:47,3,2,0
BRDA:49,4,0,0
BRDA:49,4,1,0
BRDA:53,5,0,0
BRDA:53,5,1,0
BRDA:140,6,0,0
BRDA:155,7,0,0
BRDA:155,7,1,0
BRDA:155,8,0,0
BRDA:155,8,1,0
BRDA:159,9,0,0
BRDA:159,9,1,0
BRDA:159,10,0,0
BRDA:159,10,1,0
BRDA:165,11,0,0
BRDA:165,11,1,0
BRDA:165,12,0,0
BRDA:165,12,1,0
BRDA:165,13,0,0
BRDA:165,13,1,0
BRDA:174,14,0,0
BRDA:174,14,1,0
BRDA:183,15,0,0
BRDA:183,15,1,0
BRDA:183,16,0,0
BRDA:183,16,1,0
BRDA:193,17,0,0
BRDA:193,17,1,0
BRDA:193,18,0,0
BRDA:193,18,1,0
BRDA:193,19,0,0
BRDA:193,19,1,0
BRDA:195,20,0,0
BRDA:195,20,1,0
BRDA:195,21,0,0
BRDA:195,21,1,0
BRDA:195,22,0,0
BRDA:195,22,1,0
BRDA:213,23,0,0
BRDA:213,23,1,0
BRDA:215,24,0,0
BRDA:215,24,1,0
BRDA:220,25,0,0
BRDA:220,25,1,0
BRDA:229,26,0,0
BRDA:229,26,1,0
BRDA:231,27,0,0
BRDA:231,27,1,0
BRDA:238,28,0,0
BRDA:238,28,1,0
BRDA:240,29,0,0
BRDA:240,29,1,0
BRDA:246,30,0,0
BRDA:249,31,0,0
BRDA:249,31,1,0
BRDA:249,32,0,0
BRDA:249,32,1,0
BRF:65
BRH:0
end_of_record
TN:
SF:app/finances/my-account/page.tsx
FN:141,MyAccountPage
FN:147,(anonymous_6)
FN:155,(anonymous_7)
FN:174,(anonymous_8)
FN:179,(anonymous_9)
FN:183,(anonymous_10)
FN:195,(anonymous_11)
FN:358,(anonymous_12)
FN:390,(anonymous_13)
FN:439,(anonymous_14)
FN:484,(anonymous_15)
FN:559,(anonymous_16)
FNF:12
FNH:0
FNDA:0,MyAccountPage
FNDA:0,(anonymous_6)
FNDA:0,(anonymous_7)
FNDA:0,(anonymous_8)
FNDA:0,(anonymous_9)
FNDA:0,(anonymous_10)
FNDA:0,(anonymous_11)
FNDA:0,(anonymous_12)
FNDA:0,(anonymous_13)
FNDA:0,(anonymous_14)
FNDA:0,(anonymous_15)
FNDA:0,(anonymous_16)
DA:3,0
DA:4,0
DA:5,0
DA:12,0
DA:18,0
DA:19,0
DA:20,0
DA:33,0
DA:36,0
DA:45,0
DA:88,0
DA:103,0
DA:130,0
DA:141,0
DA:142,0
DA:143,0
DA:144,0
DA:147,0
DA:148,0
DA:149,0
DA:150,0
DA:155,0
DA:156,0
DA:157,0
DA:174,0
DA:175,0
DA:176,0
DA:179,0
DA:180,0
DA:183,0
DA:184,0
DA:195,0
DA:196,0
DA:198,0
DA:200,0
DA:202,0
DA:204,0
DA:359,0
DA:391,0
DA:440,0
DA:485,0
DA:560,0
LF:42
LH:0
BRDA:149,0,0,0
BRDA:149,0,1,0
BRDA:149,1,0,0
BRDA:149,1,1,0
BRDA:180,2,0,0
BRDA:180,2,1,0
BRDA:184,3,0,0
BRDA:196,4,0,0
BRDA:196,4,1,0
BRDA:196,4,2,0
BRDA:196,4,3,0
BRDA:459,5,0,0
BRDA:459,5,1,0
BRF:13
BRH:0
end_of_record
TN:
SF:app/finances/payment-history/page.tsx
FN:14,PaymentHistoryPage
FN:17,(anonymous_3)
FN:66,(anonymous_4)
FN:72,(anonymous_5)
FNF:4
FNH:0
FNDA:0,PaymentHistoryPage
FNDA:0,(anonymous_3)
FNDA:0,(anonymous_4)
FNDA:0,(anonymous_5)
DA:3,0
DA:9,0
DA:10,0
DA:11,0
DA:12,0
DA:14,0
DA:15,0
DA:17,0
DA:18,0
DA:21,0
DA:67,0
DA:68,0
DA:73,0
DA:74,0
LF:14
LH:0
BRDA:73,0,0,0
BRDA:73,0,1,0
BRF:2
BRH:0
end_of_record
TN:
SF:app/finances/scholarships/page.tsx
FN:15,ScholarshipsPage
FN:18,(anonymous_3)
FN:70,(anonymous_4)
FN:84,(anonymous_5)
FNF:4
FNH:0
FNDA:0,ScholarshipsPage
FNDA:0,(anonymous_3)
FNDA:0,(anonymous_4)
FNDA:0,(anonymous_5)
DA:3,0
DA:9,0
DA:10,0
DA:11,0
DA:12,0
DA:13,0
DA:15,0
DA:16,0
DA:18,0
DA:19,0
DA:22,0
DA:71,0
DA:72,0
DA:73,0
DA:74,0
DA:85,0
DA:86,0
LF:17
LH:0
BRDA:78,0,0,0
BRDA:78,0,1,0
BRDA:80,1,0,0
BRDA:80,1,1,0
BRDA:85,2,0,0
BRDA:85,2,1,0
BRDA:94,3,0,0
BRDA:94,3,1,0
BRDA:96,4,0,0
BRDA:96,4,1,0
BRDA:103,5,0,0
BRDA:103,5,1,0
BRDA:105,6,0,0
BRDA:105,6,1,0
BRDA:111,7,0,0
BRDA:114,8,0,0
BRDA:114,8,1,0
BRDA:114,9,0,0
BRDA:114,9,1,0
BRF:19
BRH:0
end_of_record
TN:
SF:app/forgot-password/page.tsx
FN:16,ForgotPasswordPage
FN:17,(anonymous_3)
FNF:2
FNH:0
FNDA:0,ForgotPasswordPage
FNDA:0,(anonymous_3)
DA:1,0
DA:2,0
DA:9,0
DA:10,0
DA:11,0
DA:12,0
DA:13,0
DA:14,0
DA:16,0
DA:17,0
LF:10
LH:0
BRDA:21,0,0,0
BRF:1
BRH:0
end_of_record
TN:
SF:app/homepage/page.tsx
FN:41,Homepage
FN:42,(anonymous_6)
FN:48,(anonymous_7)
FN:67,(anonymous_8)
FN:94,(anonymous_9)
FN:164,(anonymous_10)
FN:170,(anonymous_11)
FN:176,(anonymous_12)
FN:182,(anonymous_13)
FN:193,(anonymous_14)
FN:199,(anonymous_15)
FN:205,(anonymous_16)
FN:211,(anonymous_17)
FN:217,(anonymous_18)
FN:223,(anonymous_19)
FNF:15
FNH:0
FNDA:0,Homepage
FNDA:0,(anonymous_6)
FNDA:0,(anonymous_7)
FNDA:0,(anonymous_8)
FNDA:0,(anonymous_9)
FNDA:0,(anonymous_10)
FNDA:0,(anonymous_11)
FNDA:0,(anonymous_12)
FNDA:0,(anonymous_13)
FNDA:0,(anonymous_14)
FNDA:0,(anonymous_15)
FNDA:0,(anonymous_16)
FNDA:0,(anonymous_17)
FNDA:0,(anonymous_18)
FNDA:0,(anonymous_19)
DA:3,0
DA:5,0
DA:19,0
DA:21,0
DA:23,0
DA:24,0
DA:25,0
DA:41,0
DA:42,0
DA:43,0
DA:44,0
DA:45,0
DA:46,0
DA:48,0
DA:49,0
DA:50,0
DA:51,0
DA:52,0
DA:53,0
DA:54,0
DA:55,0
DA:56,0
DA:57,0
DA:58,0
DA:59,0
DA:60,0
DA:67,0
DA:68,0
DA:70,0
DA:71,0
DA:72,0
DA:80,0
DA:81,0
DA:82,0
DA:84,0
DA:87,0
DA:89,0
DA:94,0
DA:95,0
DA:96,0
DA:101,0
DA:112,0
DA:113,0
DA:116,0
DA:117,0
DA:164,0
DA:170,0
DA:176,0
DA:182,0
DA:193,0
DA:199,0
DA:205,0
DA:211,0
DA:217,0
DA:223,0
LF:55
LH:0
BRDA:49,0,0,0
BRDA:49,0,1,0
BRDA:51,1,0,0
BRDA:51,1,1,0
BRDA:53,2,0,0
BRDA:53,2,1,0
BRDA:55,3,0,0
BRDA:55,3,1,0
BRDA:57,4,0,0
BRDA:57,4,1,0
BRDA:59,5,0,0
BRDA:59,5,1,0
BRDA:68,6,0,0
BRDA:68,6,1,0
BRDA:80,7,0,0
BRDA:80,7,1,0
BRDA:95,8,0,0
BRDA:95,8,1,0
BRDA:95,9,0,0
BRDA:95,9,1,0
BRDA:101,10,0,0
BRDA:101,10,1,0
BRDA:101,11,0,0
BRDA:101,11,1,0
BRDA:112,12,0,0
BRDA:112,12,1,0
BRDA:116,13,0,0
BRDA:116,13,1,0
BRDA:116,13,2,0
BRDA:117,14,0,0
BRDA:117,14,1,0
BRDA:126,15,0,0
BRDA:126,15,1,0
BRDA:133,16,0,0
BRDA:136,17,0,0
BRDA:139,18,0,0
BRDA:142,19,0,0
BRDA:145,20,0,0
BRDA:151,21,0,0
BRF:39
BRH:0
end_of_record
TN:
SF:app/hooks/useAuth.tsx
FN:25,useAuth
FN:38,(anonymous_2)
FN:86,(anonymous_3)
FN:119,(anonymous_4)
FN:139,(anonymous_5)
FN:146,(anonymous_6)
FN:152,(anonymous_7)
FN:154,(anonymous_8)
FN:173,(anonymous_9)
FN:175,(anonymous_10)
FN:179,(anonymous_11)
FNF:11
FNH:0
FNDA:0,useAuth
FNDA:0,(anonymous_2)
FNDA:0,(anonymous_3)
FNDA:0,(anonymous_4)
FNDA:0,(anonymous_5)
FNDA:0,(anonymous_6)
FNDA:0,(anonymous_7)
FNDA:0,(anonymous_8)
FNDA:0,(anonymous_9)
FNDA:0,(anonymous_10)
FNDA:0,(anonymous_11)
DA:1,0
DA:2,0
DA:25,0
DA:26,0
DA:27,0
DA:38,0
DA:39,0
DA:40,0
DA:48,0
DA:49,0
DA:50,0
DA:51,0
DA:67,0
DA:68,0
DA:69,0
DA:71,0
DA:76,0
DA:78,0
DA:79,0
DA:86,0
DA:87,0
DA:88,0
DA:96,0
DA:99,0
DA:107,0
DA:108,0
DA:109,0
DA:110,0
DA:112,0
DA:119,0
DA:120,0
DA:121,0
DA:129,0
DA:131,0
DA:132,0
DA:139,0
DA:140,0
DA:146,0
DA:147,0
DA:152,0
DA:153,0
DA:154,0
DA:155,0
DA:157,0
DA:165,0
DA:166,0
DA:173,0
DA:174,0
DA:175,0
DA:176,0
DA:179,0
DA:183,0
LF:52
LH:0
BRDA:48,0,0,0
BRDA:48,0,1,0
BRDA:50,1,0,0
BRDA:50,1,1,0
BRDA:147,2,0,0
BRDA:147,2,1,0
BRDA:147,2,2,0
BRDA:153,3,0,0
BRDA:153,3,1,0
BRDA:155,4,0,0
BRDA:155,4,1,0
BRDA:174,5,0,0
BRDA:174,5,1,0
BRF:13
BRH:0
end_of_record
TN:
SF:app/hooks/useCollapse.tsx
FN:3,useCollapse
FN:6,(anonymous_2)
FN:6,(anonymous_3)
FN:7,(anonymous_4)
FN:8,(anonymous_5)
FNF:5
FNH:0
FNDA:0,useCollapse
FNDA:0,(anonymous_2)
FNDA:0,(anonymous_3)
FNDA:0,(anonymous_4)
FNDA:0,(anonymous_5)
DA:1,0
DA:3,0
DA:4,0
DA:6,0
DA:7,0
DA:8,0
DA:10,0
LF:7
LH:0
BRDA:3,0,0,0
BRF:1
BRH:0
end_of_record
TN:
SF:app/hooks/useMobile.tsx
FN:5,useIsMobile
FN:8,(anonymous_5)
FN:10,(anonymous_6)
FN:15,(anonymous_7)
FNF:4
FNH:0
FNDA:0,useIsMobile
FNDA:0,(anonymous_5)
FNDA:0,(anonymous_6)
FNDA:0,(anonymous_7)
DA:1,0
DA:3,0
DA:5,0
DA:6,0
DA:8,0
DA:9,0
DA:10,0
DA:11,0
DA:13,0
DA:14,0
DA:15,0
DA:18,0
LF:12
LH:0
BRF:0
BRH:0
end_of_record
TN:
SF:app/hooks/useMonitoring.tsx
FN:31,useMonitoring
FN:43,(anonymous_9)
FN:61,(anonymous_10)
FN:73,(anonymous_11)
FN:84,(anonymous_12)
FN:96,(anonymous_13)
FN:110,(anonymous_14)
FN:119,(anonymous_15)
FN:131,(anonymous_16)
FN:136,(anonymous_17)
FN:141,(anonymous_18)
FN:159,withMonitoring
FN:163,(anonymous_20)
FN:181,useApiMonitoring
FN:184,(anonymous_22)
FN:213,useAuthMonitoring
FN:216,(anonymous_24)
FN:243,(anonymous_25)
FN:259,usePerformanceMonitoring
FN:262,(anonymous_27)
FN:266,(anonymous_28)
FN:277,(anonymous_29)
FNF:22
FNH:0
FNDA:0,useMonitoring
FNDA:0,(anonymous_9)
FNDA:0,(anonymous_10)
FNDA:0,(anonymous_11)
FNDA:0,(anonymous_12)
FNDA:0,(anonymous_13)
FNDA:0,(anonymous_14)
FNDA:0,(anonymous_15)
FNDA:0,(anonymous_16)
FNDA:0,(anonymous_17)
FNDA:0,(anonymous_18)
FNDA:0,withMonitoring
FNDA:0,(anonymous_20)
FNDA:0,useApiMonitoring
FNDA:0,(anonymous_22)
FNDA:0,useAuthMonitoring
FNDA:0,(anonymous_24)
FNDA:0,(anonymous_25)
FNDA:0,usePerformanceMonitoring
FNDA:0,(anonymous_27)
FNDA:0,(anonymous_28)
FNDA:0,(anonymous_29)
DA:9,0
DA:10,0
DA:31,0
DA:37,0
DA:39,0
DA:40,0
DA:43,0
DA:44,0
DA:45,0
DA:48,0
DA:49,0
DA:50,0
DA:54,0
DA:55,0
DA:56,0
DA:61,0
DA:62,0
DA:63,0
DA:66,0
DA:67,0
DA:73,0
DA:74,0
DA:75,0
DA:78,0
DA:79,0
DA:84,0
DA:85,0
DA:86,0
DA:96,0
DA:97,0
DA:100,0
DA:101,0
DA:102,0
DA:103,0
DA:104,0
DA:110,0
DA:111,0
DA:113,0
DA:114,0
DA:119,0
DA:120,0
DA:121,0
DA:123,0
DA:131,0
DA:132,0
DA:136,0
DA:137,0
DA:141,0
DA:142,0
DA:145,0
DA:159,0
DA:163,0
DA:164,0
DA:167,0
DA:175,0
DA:177,0
DA:181,0
DA:182,0
DA:184,0
DA:188,0
DA:189,0
DA:190,0
DA:192,0
DA:193,0
DA:194,0
DA:195,0
DA:197,0
DA:199,0
DA:201,0
DA:202,0
DA:204,0
DA:205,0
DA:209,0
DA:213,0
DA:214,0
DA:216,0
DA:220,0
DA:222,0
DA:223,0
DA:224,0
DA:225,0
DA:227,0
DA:229,0
DA:230,0
DA:233,0
DA:235,0
DA:236,0
DA:238,0
DA:239,0
DA:243,0
DA:244,0
DA:245,0
DA:246,0
DA:247,0
DA:250,0
DA:251,0
DA:255,0
DA:259,0
DA:260,0
DA:262,0
DA:263,0
DA:266,0
DA:267,0
DA:268,0
DA:269,0
DA:270,0
DA:271,0
DA:272,0
DA:274,0
DA:277,0
DA:281,0
DA:282,0
DA:283,0
DA:284,0
DA:285,0
DA:287,0
DA:288,0
DA:292,0
DA:295,0
LF:119
LH:0
BRDA:31,0,0,0
BRDA:33,1,0,0
BRDA:34,2,0,0
BRDA:35,3,0,0
BRDA:36,4,0,0
BRDA:44,5,0,0
BRDA:44,5,1,0
BRDA:44,6,0,0
BRDA:44,6,1,0
BRDA:48,7,0,0
BRDA:48,7,1,0
BRDA:48,8,0,0
BRDA:48,8,1,0
BRDA:62,9,0,0
BRDA:62,9,1,0
BRDA:66,10,0,0
BRDA:66,10,1,0
BRDA:74,11,0,0
BRDA:74,11,1,0
BRDA:84,12,0,0
BRDA:85,13,0,0
BRDA:85,13,1,0
BRDA:100,14,0,0
BRDA:100,14,1,0
BRDA:100,15,0,0
BRDA:100,15,1,0
BRDA:102,16,0,0
BRDA:102,16,1,0
BRDA:113,17,0,0
BRDA:113,17,1,0
BRDA:120,18,0,0
BRDA:120,18,1,0
BRDA:121,19,0,0
BRDA:121,19,1,0
BRDA:125,20,0,0
BRDA:125,20,1,0
BRDA:161,21,0,0
BRDA:175,22,0,0
BRDA:175,22,1,0
BRDA:189,23,0,0
BRDA:189,23,1,0
BRDA:190,24,0,0
BRDA:190,24,1,0
BRDA:229,25,0,0
BRDA:229,25,1,0
BRDA:268,26,0,0
BRDA:268,26,1,0
BRF:47
BRH:0
end_of_record
TN:
SF:app/hooks/useToast.tsx
FN:30,genId
FN:61,(anonymous_8)
FN:66,(anonymous_9)
FN:77,(anonymous_10)
FN:88,(anonymous_11)
FN:101,(anonymous_12)
FN:108,(anonymous_13)
FN:127,(anonymous_14)
FN:136,dispatch
FN:138,(anonymous_16)
FN:145,toast
FN:148,(anonymous_18)
FN:153,(anonymous_19)
FN:162,(anonymous_20)
FN:178,useToast
FN:181,(anonymous_22)
FN:183,(anonymous_23)
FN:194,(anonymous_24)
FNF:18
FNH:0
FNDA:0,genId
FNDA:0,(anonymous_8)
FNDA:0,(anonymous_9)
FNDA:0,(anonymous_10)
FNDA:0,(anonymous_11)
FNDA:0,(anonymous_12)
FNDA:0,(anonymous_13)
FNDA:0,(anonymous_14)
FNDA:0,dispatch
FNDA:0,(anonymous_16)
FNDA:0,toast
FNDA:0,(anonymous_18)
FNDA:0,(anonymous_19)
FNDA:0,(anonymous_20)
FNDA:0,useToast
FNDA:0,(anonymous_22)
FNDA:0,(anonymous_23)
FNDA:0,(anonymous_24)
DA:4,0
DA:11,0
DA:12,0
DA:21,0
DA:28,0
DA:31,0
DA:32,0
DA:59,0
DA:61,0
DA:62,0
DA:63,0
DA:66,0
DA:67,0
DA:68,0
DA:74,0
DA:77,0
DA:78,0
DA:80,0
DA:86,0
DA:89,0
DA:94,0
DA:98,0
DA:99,0
DA:101,0
DA:102,0
DA:106,0
DA:109,0
DA:119,0
DA:120,0
DA:125,0
DA:127,0
DA:132,0
DA:134,0
DA:137,0
DA:138,0
DA:139,0
DA:146,0
DA:148,0
DA:149,0
DA:153,0
DA:155,0
DA:156,0
DA:163,0
DA:164,0
DA:165,0
DA:171,0
DA:179,0
DA:181,0
DA:182,0
DA:183,0
DA:184,0
DA:185,0
DA:186,0
DA:191,0
DA:194,0
DA:198,0
LF:56
LH:0
BRDA:62,0,0,0
BRDA:62,0,1,0
BRDA:78,1,0,0
BRDA:78,1,1,0
BRDA:78,1,2,0
BRDA:78,1,3,0
BRDA:89,2,0,0
BRDA:89,2,1,0
BRDA:98,3,0,0
BRDA:98,3,1,0
BRDA:109,4,0,0
BRDA:109,4,1,0
BRDA:109,5,0,0
BRDA:109,5,1,0
BRDA:119,6,0,0
BRDA:119,6,1,0
BRDA:163,7,0,0
BRDA:163,7,1,0
BRDA:163,8,0,0
BRDA:163,8,1,0
BRDA:185,9,0,0
BRDA:185,9,1,0
BRF:22
BRH:0
end_of_record
TN:
SF:app/lib/api.ts
FNF:0
FNH:0
DA:1,0
LF:1
LH:0
BRDA:1,0,0,0
BRDA:1,0,1,0
BRF:2
BRH:0
end_of_record
TN:
SF:app/lib/monitoring.ts
FN:62,(anonymous_4)
FN:73,(anonymous_5)
FN:92,(anonymous_6)
FN:97,(anonymous_7)
FN:103,(anonymous_8)
FN:108,(anonymous_9)
FN:114,(anonymous_10)
FN:122,(anonymous_11)
FN:129,(anonymous_12)
FN:129,(anonymous_13)
FN:130,(anonymous_14)
FN:134,(anonymous_15)
FN:138,(anonymous_16)
FN:142,(anonymous_17)
FN:146,(anonymous_18)
FN:149,(anonymous_19)
FN:153,(anonymous_20)
FN:166,(anonymous_21)
FN:179,(anonymous_22)
FN:186,(anonymous_23)
FN:191,(anonymous_24)
FN:196,(anonymous_25)
FN:205,(anonymous_26)
FN:215,(anonymous_27)
FN:234,(anonymous_28)
FN:244,(anonymous_29)
FN:252,(anonymous_30)
FN:253,(anonymous_31)
FN:271,(anonymous_32)
FN:272,(anonymous_33)
FN:286,(anonymous_34)
FN:293,(anonymous_35)
FN:301,(anonymous_36)
FN:314,(anonymous_37)
FN:331,(anonymous_38)
FN:355,(anonymous_39)
FN:374,(anonymous_40)
FN:391,(anonymous_41)
FN:404,(anonymous_42)
FN:414,(anonymous_43)
FN:420,(anonymous_44)
FN:425,(anonymous_45)
FN:431,(anonymous_46)
FN:487,(anonymous_47)
FN:497,(anonymous_48)
FN:506,(anonymous_49)
FNF:46
FNH:0
FNDA:0,(anonymous_4)
FNDA:0,(anonymous_5)
FNDA:0,(anonymous_6)
FNDA:0,(anonymous_7)
FNDA:0,(anonymous_8)
FNDA:0,(anonymous_9)
FNDA:0,(anonymous_10)
FNDA:0,(anonymous_11)
FNDA:0,(anonymous_12)
FNDA:0,(anonymous_13)
FNDA:0,(anonymous_14)
FNDA:0,(anonymous_15)
FNDA:0,(anonymous_16)
FNDA:0,(anonymous_17)
FNDA:0,(anonymous_18)
FNDA:0,(anonymous_19)
FNDA:0,(anonymous_20)
FNDA:0,(anonymous_21)
FNDA:0,(anonymous_22)
FNDA:0,(anonymous_23)
FNDA:0,(anonymous_24)
FNDA:0,(anonymous_25)
FNDA:0,(anonymous_26)
FNDA:0,(anonymous_27)
FNDA:0,(anonymous_28)
FNDA:0,(anonymous_29)
FNDA:0,(anonymous_30)
FNDA:0,(anonymous_31)
FNDA:0,(anonymous_32)
FNDA:0,(anonymous_33)
FNDA:0,(anonymous_34)
FNDA:0,(anonymous_35)
FNDA:0,(anonymous_36)
FNDA:0,(anonymous_37)
FNDA:0,(anonymous_38)
FNDA:0,(anonymous_39)
FNDA:0,(anonymous_40)
FNDA:0,(anonymous_41)
FNDA:0,(anonymous_42)
FNDA:0,(anonymous_43)
FNDA:0,(anonymous_44)
FNDA:0,(anonymous_45)
FNDA:0,(anonymous_46)
FNDA:0,(anonymous_47)
FNDA:0,(anonymous_48)
FNDA:0,(anonymous_49)
DA:55,0
DA:56,0
DA:57,0
DA:58,0
DA:60,0
DA:63,0
DA:64,0
DA:65,0
DA:67,0
DA:68,0
DA:74,0
DA:75,0
DA:76,0
DA:77,0
DA:78,0
DA:79,0
DA:82,0
DA:84,0
DA:93,0
DA:98,0
DA:99,0
DA:104,0
DA:109,0
DA:110,0
DA:115,0
DA:116,0
DA:118,0
DA:124,0
DA:125,0
DA:129,0
DA:130,0
DA:131,0
DA:134,0
DA:135,0
DA:138,0
DA:139,0
DA:142,0
DA:143,0
DA:146,0
DA:147,0
DA:150,0
DA:154,0
DA:162,0
DA:167,0
DA:175,0
DA:181,0
DA:182,0
DA:186,0
DA:187,0
DA:191,0
DA:192,0
DA:196,0
DA:197,0
DA:198,0
DA:199,0
DA:207,0
DA:208,0
DA:211,0
DA:212,0
DA:215,0
DA:216,0
DA:217,0
DA:218,0
DA:219,0
DA:221,0
DA:223,0
DA:224,0
DA:228,0
DA:234,0
DA:235,0
DA:236,0
DA:238,0
DA:246,0
DA:247,0
DA:251,0
DA:252,0
DA:253,0
DA:254,0
DA:256,0
DA:257,0
DA:264,0
DA:266,0
DA:270,0
DA:271,0
DA:272,0
DA:273,0
DA:274,0
DA:275,0
DA:276,0
DA:279,0
DA:281,0
DA:288,0
DA:289,0
DA:293,0
DA:294,0
DA:295,0
DA:297,0
DA:301,0
DA:302,0
DA:303,0
DA:305,0
DA:306,0
DA:307,0
DA:308,0
DA:315,0
DA:317,0
DA:326,0
DA:327,0
DA:332,0
DA:334,0
DA:345,0
DA:346,0
DA:349,0
DA:350,0
DA:356,0
DA:358,0
DA:369,0
DA:370,0
DA:375,0
DA:377,0
DA:386,0
DA:387,0
DA:392,0
DA:393,0
DA:395,0
DA:396,0
DA:397,0
DA:398,0
DA:405,0
DA:409,0
DA:416,0
DA:417,0
DA:420,0
DA:421,0
DA:425,0
DA:426,0
DA:432,0
DA:434,0
DA:439,0
DA:441,0
DA:460,0
DA:462,0
DA:471,0
DA:473,0
DA:474,0
DA:475,0
DA:476,0
DA:478,0
DA:481,0
DA:488,0
DA:489,0
DA:491,0
DA:492,0
DA:498,0
DA:500,0
DA:501,0
DA:507,0
DA:520,0
DA:522,0
LF:159
LH:0
BRDA:67,0,0,0
BRDA:67,0,1,0
BRDA:98,1,0,0
BRDA:98,1,1,0
BRDA:115,2,0,0
BRDA:115,2,1,0
BRDA:124,3,0,0
BRDA:124,3,1,0
BRDA:124,4,0,0
BRDA:124,4,1,0
BRDA:162,5,0,0
BRDA:162,5,1,0
BRDA:175,6,0,0
BRDA:175,6,1,0
BRDA:181,7,0,0
BRDA:181,7,1,0
BRDA:197,8,0,0
BRDA:197,8,1,0
BRDA:207,9,0,0
BRDA:207,9,1,0
BRDA:217,10,0,0
BRDA:217,10,1,0
BRDA:235,11,0,0
BRDA:235,11,1,0
BRDA:246,12,0,0
BRDA:246,12,1,0
BRDA:246,13,0,0
BRDA:246,13,1,0
BRDA:256,14,0,0
BRDA:256,14,1,0
BRDA:288,15,0,0
BRDA:288,15,1,0
BRDA:288,16,0,0
BRDA:288,16,1,0
BRDA:295,17,0,0
BRDA:295,17,1,0
BRDA:295,17,2,0
BRDA:303,18,0,0
BRDA:303,18,1,0
BRDA:305,19,0,0
BRDA:305,19,1,0
BRDA:305,20,0,0
BRDA:305,20,1,0
BRDA:307,21,0,0
BRDA:307,21,1,0
BRDA:307,22,0,0
BRDA:307,22,1,0
BRDA:315,23,0,0
BRDA:315,23,1,0
BRDA:332,24,0,0
BRDA:332,24,1,0
BRDA:349,25,0,0
BRDA:349,25,1,0
BRDA:349,26,0,0
BRDA:349,26,1,0
BRDA:355,27,0,0
BRDA:356,28,0,0
BRDA:356,28,1,0
BRDA:375,29,0,0
BRDA:375,29,1,0
BRDA:392,30,0,0
BRDA:392,30,1,0
BRDA:392,31,0,0
BRDA:392,31,1,0
BRDA:395,32,0,0
BRDA:395,32,1,0
BRDA:405,33,0,0
BRDA:405,33,1,0
BRDA:405,34,0,0
BRDA:405,34,1,0
BRDA:405,34,2,0
BRDA:405,34,3,0
BRDA:416,35,0,0
BRDA:416,35,1,0
BRDA:432,36,0,0
BRDA:432,36,1,0
BRDA:434,37,0,0
BRDA:434,37,1,0
BRDA:434,37,2,0
BRDA:434,37,3,0
BRDA:439,38,0,0
BRDA:439,38,1,0
BRDA:471,39,0,0
BRDA:471,39,1,0
BRDA:491,40,0,0
BRDA:491,40,1,0
BRDA:492,41,0,0
BRDA:492,41,1,0
BRDA:500,42,0,0
BRDA:500,42,1,0
BRDA:500,43,0,0
BRDA:500,43,1,0
BRDA:501,44,0,0
BRDA:501,44,1,0
BRF:94
BRH:0
end_of_record
TN:
SF:app/lib/placeholder-img.ts
FNF:0
FNH:0
DA:1,0
DA:10,0
LF:2
LH:0
BRF:0
BRH:0
end_of_record
TN:
SF:app/lib/transcript-pdf.ts
FN:22,loadImageDataUrl
FN:23,(anonymous_5)
FN:27,(anonymous_6)
FN:41,(anonymous_7)
FN:49,generateTranscriptPdf
FN:58,(anonymous_9)
FN:59,(anonymous_10)
FN:101,(anonymous_11)
FN:105,pickAddress
FN:107,(anonymous_13)
FN:107,(anonymous_14)
FN:110,formatAddress
FN:134,(anonymous_16)
FN:137,(anonymous_17)
FN:147,(anonymous_18)
FN:213,(anonymous_19)
FNF:16
FNH:0
FNDA:0,loadImageDataUrl
FNDA:0,(anonymous_5)
FNDA:0,(anonymous_6)
FNDA:0,(anonymous_7)
FNDA:0,generateTranscriptPdf
FNDA:0,(anonymous_9)
FNDA:0,(anonymous_10)
FNDA:0,(anonymous_11)
FNDA:0,pickAddress
FNDA:0,(anonymous_13)
FNDA:0,(anonymous_14)
FNDA:0,formatAddress
FNDA:0,(anonymous_16)
FNDA:0,(anonymous_17)
FNDA:0,(anonymous_18)
FNDA:0,(anonymous_19)
DA:23,0
DA:24,0
DA:25,0
DA:26,0
DA:27,0
DA:28,0
DA:29,0
DA:30,0
DA:31,0
DA:32,0
DA:33,0
DA:34,0
DA:35,0
DA:36,0
DA:38,0
DA:41,0
DA:42,0
DA:44,0
DA:49,0
DA:58,0
DA:59,0
DA:61,0
DA:62,0
DA:63,0
DA:65,0
DA:66,0
DA:67,0
DA:68,0
DA:70,0
DA:71,0
DA:74,0
DA:75,0
DA:76,0
DA:77,0
DA:78,0
DA:79,0
DA:81,0
DA:82,0
DA:85,0
DA:86,0
DA:87,0
DA:88,0
DA:89,0
DA:90,0
DA:91,0
DA:92,0
DA:95,0
DA:96,0
DA:97,0
DA:98,0
DA:99,0
DA:101,0
DA:104,0
DA:106,0
DA:107,0
DA:108,0
DA:111,0
DA:112,0
DA:113,0
DA:114,0
DA:115,0
DA:116,0
DA:117,0
DA:118,0
DA:120,0
DA:122,0
DA:128,0
DA:134,0
DA:135,0
DA:137,0
DA:138,0
DA:140,0
DA:143,0
DA:144,0
DA:145,0
DA:146,0
DA:147,0
DA:148,0
DA:151,0
DA:152,0
DA:153,0
DA:154,0
DA:155,0
DA:165,0
DA:175,0
DA:178,0
DA:179,0
DA:180,0
DA:181,0
DA:182,0
DA:183,0
DA:188,0
DA:198,0
DA:202,0
DA:203,0
DA:204,0
DA:206,0
DA:207,0
DA:208,0
DA:209,0
DA:210,0
DA:211,0
DA:212,0
DA:213,0
DA:214,0
DA:224,0
DA:228,0
DA:229,0
DA:230,0
DA:231,0
DA:232,0
DA:233,0
DA:234,0
DA:235,0
DA:236,0
DA:240,0
DA:241,0
DA:243,0
DA:244,0
DA:245,0
DA:246,0
DA:248,0
DA:249,0
DA:252,0
DA:253,0
DA:254,0
DA:255,0
DA:257,0
LF:128
LH:0
BRDA:33,0,0,0
BRDA:33,0,1,0
BRDA:65,1,0,0
BRDA:65,1,1,0
BRDA:66,2,0,0
BRDA:66,2,1,0
BRDA:67,3,0,0
BRDA:67,3,1,0
BRDA:68,4,0,0
BRDA:68,4,1,0
BRDA:71,5,0,0
BRDA:71,5,1,0
BRDA:78,6,0,0
BRDA:78,6,1,0
BRDA:101,7,0,0
BRDA:101,7,1,0
BRDA:104,8,0,0
BRDA:104,8,1,0
BRDA:106,9,0,0
BRDA:106,9,1,0
BRDA:106,10,0,0
BRDA:106,10,1,0
BRDA:107,11,0,0
BRDA:107,11,1,0
BRDA:108,12,0,0
BRDA:108,12,1,0
BRDA:108,12,2,0
BRDA:111,13,0,0
BRDA:111,13,1,0
BRDA:113,14,0,0
BRDA:113,14,1,0
BRDA:114,15,0,0
BRDA:114,15,1,0
BRDA:116,16,0,0
BRDA:116,16,1,0
BRDA:117,17,0,0
BRDA:117,17,1,0
BRDA:118,18,0,0
BRDA:118,18,1,0
BRDA:123,19,0,0
BRDA:123,19,1,0
BRDA:156,20,0,0
BRDA:156,20,1,0
BRDA:157,21,0,0
BRDA:157,21,1,0
BRDA:158,22,0,0
BRDA:158,22,1,0
BRDA:159,23,0,0
BRDA:159,23,1,0
BRDA:160,24,0,0
BRDA:160,24,1,0
BRDA:161,25,0,0
BRDA:161,25,1,0
BRDA:162,26,0,0
BRDA:162,26,1,0
BRDA:163,27,0,0
BRDA:163,27,1,0
BRDA:178,28,0,0
BRDA:178,28,1,0
BRDA:178,29,0,0
BRDA:178,29,1,0
BRDA:178,29,2,0
BRDA:178,29,3,0
BRDA:184,30,0,0
BRDA:184,30,1,0
BRDA:185,31,0,0
BRDA:185,31,1,0
BRDA:186,32,0,0
BRDA:186,32,1,0
BRDA:206,33,0,0
BRDA:206,33,1,0
BRDA:208,34,0,0
BRDA:208,34,1,0
BRDA:208,35,0,0
BRDA:208,35,1,0
BRDA:208,36,0,0
BRDA:208,36,1,0
BRDA:213,37,0,0
BRDA:213,37,1,0
BRDA:213,38,0,0
BRDA:213,38,1,0
BRDA:213,39,0,0
BRDA:213,39,1,0
BRDA:228,40,0,0
BRDA:228,40,1,0
BRDA:228,41,0,0
BRDA:228,41,1,0
BRDA:233,42,0,0
BRDA:233,42,1,0
BRDA:235,43,0,0
BRDA:235,43,1,0
BRF:91
BRH:0
end_of_record
TN:
SF:app/lib/utils.ts
FN:4,cn
FNF:1
FNH:0
FNDA:0,cn
DA:1,0
DA:2,0
DA:4,0
DA:5,0
LF:4
LH:0
BRF:0
BRH:0
end_of_record
TN:
SF:app/login/page.tsx
FN:16,Login
FN:17,(anonymous_3)
FN:19,(anonymous_4)
FNF:3
FNH:0
FNDA:0,Login
FNDA:0,(anonymous_3)
FNDA:0,(anonymous_4)
DA:2,0
DA:3,0
DA:4,0
DA:5,0
DA:13,0
DA:14,0
DA:16,0
DA:17,0
DA:18,0
DA:19,0
DA:20,0
DA:21,0
DA:22,0
DA:27,0
LF:14
LH:0
BRDA:20,0,0,0
BRDA:20,0,1,0
BRDA:21,1,0,0
BRDA:21,1,1,0
BRDA:34,2,0,0
BRF:5
BRH:0
end_of_record
TN:
SF:app/personal/page.tsx
FN:35,labelFor
FN:37,(anonymous_3)
FN:40,(anonymous_4)
FN:43,PersonalPage
FN:77,(anonymous_6)
FN:78,(anonymous_7)
FN:95,(anonymous_8)
FN:96,(anonymous_9)
FN:96,(anonymous_10)
FN:189,(anonymous_11)
FN:202,(anonymous_12)
FN:225,(anonymous_13)
FN:248,(anonymous_14)
FN:251,(anonymous_15)
FN:252,(anonymous_16)
FN:310,(anonymous_17)
FN:417,(anonymous_18)
FN:425,(anonymous_19)
FN:433,(anonymous_20)
FN:443,(anonymous_21)
FN:451,(anonymous_22)
FN:453,(anonymous_23)
FN:464,(anonymous_24)
FN:466,(anonymous_25)
FN:477,(anonymous_26)
FN:479,(anonymous_27)
FN:495,(anonymous_28)
FN:501,(anonymous_29)
FN:503,(anonymous_30)
FN:559,(anonymous_31)
FN:592,(anonymous_32)
FN:593,(anonymous_33)
FN:595,(anonymous_34)
FN:596,(anonymous_35)
FN:597,(anonymous_36)
FN:621,(anonymous_37)
FN:622,(anonymous_38)
FN:624,(anonymous_39)
FN:625,(anonymous_40)
FN:626,(anonymous_41)
FN:658,(anonymous_42)
FN:664,(anonymous_43)
FN:670,(anonymous_44)
FN:670,(anonymous_45)
FN:681,(anonymous_46)
FN:689,(anonymous_47)
FN:697,(anonymous_48)
FN:705,(anonymous_49)
FN:714,(anonymous_50)
FN:715,(anonymous_51)
FN:717,(anonymous_52)
FN:718,(anonymous_53)
FN:719,(anonymous_54)
FN:730,(anonymous_55)
FN:755,(anonymous_56)
FN:776,(anonymous_57)
FN:797,(anonymous_58)
FN:832,(anonymous_59)
FN:853,(anonymous_60)
FN:874,(anonymous_61)
FNF:60
FNH:0
FNDA:0,labelFor
FNDA:0,(anonymous_3)
FNDA:0,(anonymous_4)
FNDA:0,PersonalPage
FNDA:0,(anonymous_6)
FNDA:0,(anonymous_7)
FNDA:0,(anonymous_8)
FNDA:0,(anonymous_9)
FNDA:0,(anonymous_10)
FNDA:0,(anonymous_11)
FNDA:0,(anonymous_12)
FNDA:0,(anonymous_13)
FNDA:0,(anonymous_14)
FNDA:0,(anonymous_15)
FNDA:0,(anonymous_16)
FNDA:0,(anonymous_17)
FNDA:0,(anonymous_18)
FNDA:0,(anonymous_19)
FNDA:0,(anonymous_20)
FNDA:0,(anonymous_21)
FNDA:0,(anonymous_22)
FNDA:0,(anonymous_23)
FNDA:0,(anonymous_24)
FNDA:0,(anonymous_25)
FNDA:0,(anonymous_26)
FNDA:0,(anonymous_27)
FNDA:0,(anonymous_28)
FNDA:0,(anonymous_29)
FNDA:0,(anonymous_30)
FNDA:0,(anonymous_31)
FNDA:0,(anonymous_32)
FNDA:0,(anonymous_33)
FNDA:0,(anonymous_34)
FNDA:0,(anonymous_35)
FNDA:0,(anonymous_36)
FNDA:0,(anonymous_37)
FNDA:0,(anonymous_38)
FNDA:0,(anonymous_39)
FNDA:0,(anonymous_40)
FNDA:0,(anonymous_41)
FNDA:0,(anonymous_42)
FNDA:0,(anonymous_43)
FNDA:0,(anonymous_44)
FNDA:0,(anonymous_45)
FNDA:0,(anonymous_46)
FNDA:0,(anonymous_47)
FNDA:0,(anonymous_48)
FNDA:0,(anonymous_49)
FNDA:0,(anonymous_50)
FNDA:0,(anonymous_51)
FNDA:0,(anonymous_52)
FNDA:0,(anonymous_53)
FNDA:0,(anonymous_54)
FNDA:0,(anonymous_55)
FNDA:0,(anonymous_56)
FNDA:0,(anonymous_57)
FNDA:0,(anonymous_58)
FNDA:0,(anonymous_59)
FNDA:0,(anonymous_60)
FNDA:0,(anonymous_61)
DA:3,0
DA:10,0
DA:16,0
DA:17,0
DA:18,0
DA:30,0
DA:31,0
DA:36,0
DA:37,0
DA:38,0
DA:40,0
DA:43,0
DA:44,0
DA:45,0
DA:46,0
DA:47,0
DA:48,0
DA:49,0
DA:50,0
DA:51,0
DA:52,0
DA:53,0
DA:54,0
DA:55,0
DA:56,0
DA:57,0
DA:58,0
DA:59,0
DA:60,0
DA:61,0
DA:62,0
DA:63,0
DA:64,0
DA:65,0
DA:73,0
DA:74,0
DA:75,0
DA:77,0
DA:78,0
DA:79,0
DA:80,0
DA:81,0
DA:82,0
DA:91,0
DA:92,0
DA:93,0
DA:94,0
DA:95,0
DA:96,0
DA:97,0
DA:98,0
DA:99,0
DA:100,0
DA:101,0
DA:102,0
DA:103,0
DA:104,0
DA:105,0
DA:106,0
DA:107,0
DA:108,0
DA:109,0
DA:111,0
DA:112,0
DA:113,0
DA:115,0
DA:116,0
DA:117,0
DA:119,0
DA:120,0
DA:121,0
DA:123,0
DA:124,0
DA:125,0
DA:127,0
DA:130,0
DA:133,0
DA:145,0
DA:170,0
DA:179,0
DA:189,0
DA:190,0
DA:192,0
DA:194,0
DA:196,0
DA:198,0
DA:202,0
DA:203,0
DA:205,0
DA:207,0
DA:209,0
DA:211,0
DA:226,0
DA:227,0
DA:228,0
DA:229,0
DA:231,0
DA:232,0
DA:233,0
DA:235,0
DA:236,0
DA:237,0
DA:239,0
DA:240,0
DA:241,0
DA:242,0
DA:243,0
DA:244,0
DA:245,0
DA:248,0
DA:249,0
DA:250,0
DA:251,0
DA:252,0
DA:253,0
DA:255,0
DA:256,0
DA:257,0
DA:261,0
DA:262,0
DA:263,0
DA:264,0
DA:265,0
DA:267,0
DA:268,0
DA:270,0
DA:271,0
DA:281,0
DA:282,0
DA:284,0
DA:288,0
DA:289,0
DA:299,0
DA:300,0
DA:302,0
DA:305,0
DA:306,0
DA:307,0
DA:310,0
DA:311,0
DA:312,0
DA:313,0
DA:314,0
DA:316,0
DA:417,0
DA:425,0
DA:433,0
DA:443,0
DA:451,0
DA:454,0
DA:464,0
DA:467,0
DA:477,0
DA:480,0
DA:495,0
DA:501,0
DA:504,0
DA:505,0
DA:506,0
DA:507,0
DA:508,0
DA:509,0
DA:510,0
DA:511,0
DA:514,0
DA:559,0
DA:592,0
DA:593,0
DA:595,0
DA:596,0
DA:597,0
DA:621,0
DA:622,0
DA:624,0
DA:625,0
DA:626,0
DA:659,0
DA:665,0
DA:666,0
DA:667,0
DA:670,0
DA:681,0
DA:689,0
DA:697,0
DA:705,0
DA:714,0
DA:715,0
DA:717,0
DA:718,0
DA:719,0
DA:730,0
DA:755,0
DA:776,0
DA:797,0
DA:832,0
DA:853,0
DA:874,0
LF:197
LH:0
BRDA:36,0,0,0
BRDA:36,0,1,0
BRDA:38,1,0,0
BRDA:38,1,1,0
BRDA:80,2,0,0
BRDA:80,2,1,0
BRDA:81,3,0,0
BRDA:81,3,1,0
BRDA:91,4,0,0
BRDA:91,4,1,0
BRDA:94,5,0,0
BRDA:94,5,1,0
BRDA:95,6,0,0
BRDA:95,6,1,0
BRDA:96,7,0,0
BRDA:96,7,1,0
BRDA:96,8,0,0
BRDA:96,8,1,0
BRDA:96,9,0,0
BRDA:96,9,1,0
BRDA:97,10,0,0
BRDA:97,10,1,0
BRDA:98,11,0,0
BRDA:98,11,1,0
BRDA:99,12,0,0
BRDA:99,12,1,0
BRDA:100,13,0,0
BRDA:100,13,1,0
BRDA:101,14,0,0
BRDA:101,14,1,0
BRDA:102,15,0,0
BRDA:102,15,1,0
BRDA:103,16,0,0
BRDA:103,16,1,0
BRDA:104,17,0,0
BRDA:104,17,1,0
BRDA:105,18,0,0
BRDA:105,18,1,0
BRDA:105,18,2,0
BRDA:106,19,0,0
BRDA:106,19,1,0
BRDA:107,20,0,0
BRDA:107,20,1,0
BRDA:108,21,0,0
BRDA:108,21,1,0
BRDA:109,22,0,0
BRDA:109,22,1,0
BRDA:111,23,0,0
BRDA:111,23,1,0
BRDA:113,24,0,0
BRDA:113,24,1,0
BRDA:113,25,0,0
BRDA:113,25,1,0
BRDA:115,26,0,0
BRDA:115,26,1,0
BRDA:119,27,0,0
BRDA:119,27,1,0
BRDA:121,28,0,0
BRDA:121,28,1,0
BRDA:123,29,0,0
BRDA:123,29,1,0
BRDA:124,30,0,0
BRDA:124,30,1,0
BRDA:125,31,0,0
BRDA:125,31,1,0
BRDA:127,32,0,0
BRDA:127,32,1,0
BRDA:134,33,0,0
BRDA:134,33,1,0
BRDA:135,34,0,0
BRDA:135,34,1,0
BRDA:136,35,0,0
BRDA:136,35,1,0
BRDA:137,36,0,0
BRDA:137,36,1,0
BRDA:137,36,2,0
BRDA:138,37,0,0
BRDA:138,37,1,0
BRDA:139,38,0,0
BRDA:139,38,1,0
BRDA:140,39,0,0
BRDA:140,39,1,0
BRDA:141,40,0,0
BRDA:141,40,1,0
BRDA:146,41,0,0
BRDA:146,41,1,0
BRDA:148,42,0,0
BRDA:148,42,1,0
BRDA:150,43,0,0
BRDA:150,43,1,0
BRDA:159,44,0,0
BRDA:159,44,1,0
BRDA:173,45,0,0
BRDA:173,45,1,0
BRDA:190,46,0,0
BRDA:190,46,1,0
BRDA:190,46,2,0
BRDA:190,46,3,0
BRDA:203,47,0,0
BRDA:203,47,1,0
BRDA:203,47,2,0
BRDA:203,47,3,0
BRDA:223,48,0,0
BRDA:223,48,1,0
BRDA:226,49,0,0
BRDA:226,49,1,0
BRDA:228,50,0,0
BRDA:228,50,1,0
BRDA:229,51,0,0
BRDA:229,51,1,0
BRDA:231,52,0,0
BRDA:231,52,1,0
BRDA:231,53,0,0
BRDA:231,53,1,0
BRDA:235,54,0,0
BRDA:235,54,1,0
BRDA:235,55,0,0
BRDA:235,55,1,0
BRDA:239,56,0,0
BRDA:239,56,1,0
BRDA:243,57,0,0
BRDA:243,57,1,0
BRDA:243,58,0,0
BRDA:243,58,1,0
BRDA:243,58,2,0
BRDA:243,58,3,0
BRDA:249,59,0,0
BRDA:249,59,1,0
BRDA:252,60,0,0
BRDA:252,60,1,0
BRDA:252,60,2,0
BRDA:253,61,0,0
BRDA:253,61,1,0
BRDA:255,62,0,0
BRDA:255,62,1,0
BRDA:255,63,0,0
BRDA:255,63,1,0
BRDA:261,64,0,0
BRDA:261,64,1,0
BRDA:262,65,0,0
BRDA:262,65,1,0
BRDA:262,66,0,0
BRDA:262,66,1,0
BRDA:262,67,0,0
BRDA:262,67,1,0
BRDA:262,68,0,0
BRDA:262,68,1,0
BRDA:262,69,0,0
BRDA:262,69,1,0
BRDA:262,70,0,0
BRDA:262,70,1,0
BRDA:263,71,0,0
BRDA:263,71,1,0
BRDA:267,72,0,0
BRDA:267,72,1,0
BRDA:270,73,0,0
BRDA:270,73,1,0
BRDA:270,74,0,0
BRDA:270,74,1,0
BRDA:272,75,0,0
BRDA:272,75,1,0
BRDA:275,76,0,0
BRDA:275,76,1,0
BRDA:276,77,0,0
BRDA:276,77,1,0
BRDA:281,78,0,0
BRDA:281,78,1,0
BRDA:288,79,0,0
BRDA:288,79,1,0
BRDA:288,80,0,0
BRDA:288,80,1,0
BRDA:290,81,0,0
BRDA:290,81,1,0
BRDA:293,82,0,0
BRDA:293,82,1,0
BRDA:294,83,0,0
BRDA:294,83,1,0
BRDA:299,84,0,0
BRDA:299,84,1,0
BRDA:306,85,0,0
BRDA:306,85,1,0
BRDA:306,86,0,0
BRDA:306,86,1,0
BRDA:306,87,0,0
BRDA:306,87,1,0
BRDA:306,88,0,0
BRDA:306,88,1,0
BRDA:306,89,0,0
BRDA:306,89,1,0
BRDA:306,90,0,0
BRDA:306,90,1,0
BRDA:306,91,0,0
BRDA:306,91,1,0
BRDA:306,92,0,0
BRDA:306,92,1,0
BRDA:306,93,0,0
BRDA:306,93,1,0
BRDA:310,94,0,0
BRDA:310,94,1,0
BRDA:310,95,0,0
BRDA:310,95,1,0
BRDA:316,96,0,0
BRDA:316,96,1,0
BRDA:321,97,0,0
BRDA:370,98,0,0
BRDA:370,98,1,0
BRDA:372,99,0,0
BRDA:372,99,1,0
BRDA:417,100,0,0
BRDA:425,101,0,0
BRDA:433,102,0,0
BRDA:443,103,0,0
BRDA:443,104,0,0
BRDA:443,104,1,0
BRDA:451,105,0,0
BRDA:451,106,0,0
BRDA:451,106,1,0
BRDA:464,107,0,0
BRDA:464,108,0,0
BRDA:464,108,1,0
BRDA:477,109,0,0
BRDA:477,110,0,0
BRDA:477,110,1,0
BRDA:491,111,0,0
BRDA:499,112,0,0
BRDA:499,112,1,0
BRDA:501,113,0,0
BRDA:505,114,0,0
BRDA:505,114,1,0
BRDA:506,115,0,0
BRDA:506,115,1,0
BRDA:508,116,0,0
BRDA:508,116,1,0
BRDA:510,117,0,0
BRDA:510,117,1,0
BRDA:559,118,0,0
BRDA:591,119,0,0
BRDA:592,120,0,0
BRDA:592,120,1,0
BRDA:592,121,0,0
BRDA:592,121,1,0
BRDA:593,122,0,0
BRDA:593,122,1,0
BRDA:593,123,0,0
BRDA:593,123,1,0
BRDA:595,124,0,0
BRDA:595,124,1,0
BRDA:595,125,0,0
BRDA:595,125,1,0
BRDA:596,126,0,0
BRDA:596,126,1,0
BRDA:596,127,0,0
BRDA:596,127,1,0
BRDA:597,128,0,0
BRDA:597,128,1,0
BRDA:597,129,0,0
BRDA:597,129,1,0
BRDA:601,130,0,0
BRDA:620,131,0,0
BRDA:621,132,0,0
BRDA:621,132,1,0
BRDA:621,133,0,0
BRDA:621,133,1,0
BRDA:622,134,0,0
BRDA:622,134,1,0
BRDA:622,135,0,0
BRDA:622,135,1,0
BRDA:624,136,0,0
BRDA:624,136,1,0
BRDA:624,137,0,0
BRDA:624,137,1,0
BRDA:625,138,0,0
BRDA:625,138,1,0
BRDA:625,139,0,0
BRDA:625,139,1,0
BRDA:626,140,0,0
BRDA:626,140,1,0
BRDA:626,141,0,0
BRDA:626,141,1,0
BRDA:630,142,0,0
BRDA:661,143,0,0
BRDA:661,143,1,0
BRDA:665,144,0,0
BRDA:665,144,1,0
BRDA:681,145,0,0
BRDA:681,146,0,0
BRDA:681,146,1,0
BRDA:689,147,0,0
BRDA:689,148,0,0
BRDA:689,148,1,0
BRDA:697,149,0,0
BRDA:697,150,0,0
BRDA:697,150,1,0
BRDA:705,151,0,0
BRDA:705,152,0,0
BRDA:705,152,1,0
BRDA:713,153,0,0
BRDA:714,154,0,0
BRDA:714,154,1,0
BRDA:715,155,0,0
BRDA:715,155,1,0
BRDA:717,156,0,0
BRDA:717,156,1,0
BRDA:718,157,0,0
BRDA:718,157,1,0
BRDA:719,158,0,0
BRDA:719,158,1,0
BRDA:729,159,0,0
BRDA:729,159,1,0
BRDA:755,160,0,0
BRDA:759,161,0,0
BRDA:759,161,1,0
BRDA:764,162,0,0
BRDA:764,162,1,0
BRDA:776,163,0,0
BRDA:780,164,0,0
BRDA:780,164,1,0
BRDA:785,165,0,0
BRDA:785,165,1,0
BRDA:797,166,0,0
BRDA:832,167,0,0
BRDA:836,168,0,0
BRDA:836,168,1,0
BRDA:841,169,0,0
BRDA:841,169,1,0
BRDA:853,170,0,0
BRDA:857,171,0,0
BRDA:857,171,1,0
BRDA:862,172,0,0
BRDA:862,172,1,0
BRDA:874,173,0,0
BRDA:878,174,0,0
BRDA:878,174,1,0
BRDA:883,175,0,0
BRDA:883,175,1,0
BRDA:916,176,0,0
BRDA:924,177,0,0
BRDA:924,177,1,0
BRDA:929,178,0,0
BRDA:929,178,1,0
BRDA:939,179,0,0
BRDA:939,179,1,0
BRDA:944,180,0,0
BRDA:944,180,1,0
BRF:344
BRH:0
end_of_record
TN:
SF:app/resources/page.tsx
FN:221,ResourcesPage
FN:222,(anonymous_3)
FN:241,(anonymous_4)
FN:242,(anonymous_5)
FN:347,(anonymous_6)
FN:384,(anonymous_7)
FN:433,(anonymous_8)
FN:505,(anonymous_9)
FN:597,(anonymous_10)
FN:629,(anonymous_11)
FN:674,(anonymous_12)
FNF:11
FNH:0
FNDA:0,ResourcesPage
FNDA:0,(anonymous_3)
FNDA:0,(anonymous_4)
FNDA:0,(anonymous_5)
FNDA:0,(anonymous_6)
FNDA:0,(anonymous_7)
FNDA:0,(anonymous_8)
FNDA:0,(anonymous_9)
FNDA:0,(anonymous_10)
FNDA:0,(anonymous_11)
FNDA:0,(anonymous_12)
DA:3,0
DA:10,0
DA:16,0
DA:17,0
DA:18,0
DA:31,0
DA:34,0
DA:65,0
DA:101,0
DA:152,0
DA:188,0
DA:221,0
DA:222,0
DA:223,0
DA:225,0
DA:227,0
DA:229,0
DA:231,0
DA:233,0
DA:235,0
DA:237,0
DA:241,0
DA:242,0
DA:243,0
DA:348,0
DA:385,0
DA:434,0
DA:506,0
DA:598,0
DA:630,0
DA:675,0
LF:31
LH:0
BRDA:223,0,0,0
BRDA:223,0,1,0
BRDA:223,0,2,0
BRDA:223,0,3,0
BRDA:223,0,4,0
BRDA:223,0,5,0
BRDA:223,0,6,0
BRDA:246,1,0,0
BRDA:246,1,1,0
BRDA:356,2,0,0
BRDA:512,3,0,0
BRDA:512,3,1,0
BRDA:514,4,0,0
BRDA:514,4,1,0
BRDA:516,5,0,0
BRDA:516,5,1,0
BRDA:541,6,0,0
BRDA:558,7,0,0
BRDA:707,8,0,0
BRDA:707,8,1,0
BRF:20
BRH:0
end_of_record
